
*** Running vivado
    with args -log tinyriscv_soc_top.vds -m64 -product Vivado -mode batch -messageDb vivado.pb -notrace -source tinyriscv_soc_top.tcl


****** Vivado v2020.2 (64-bit)
  **** SW Build 3064766 on Wed Nov 18 09:12:47 MST 2020
  **** IP Build 3064653 on Wed Nov 18 14:17:31 MST 2020
    ** Copyright 1986-2020 Xilinx, Inc. All Rights Reserved.

source tinyriscv_soc_top.tcl -notrace
Command: synth_design -top tinyriscv_soc_top -part xc7a100tcsg324-1
Starting synth_design
Attempting to get a license for feature 'Synthesis' and/or device 'xc7a100t'
INFO: [Common 17-349] Got license for feature 'Synthesis' and/or device 'xc7a100t'
INFO: [Device 21-403] Loading part xc7a100tcsg324-1
INFO: [Synth 8-7079] Multithreading enabled for synth_design using a maximum of 4 processes.
INFO: [Synth 8-7078] Launching helper process for spawning children vivado processes
INFO: [Synth 8-7075] Helper process launched with PID 14662
WARNING: [Synth 8-6901] identifier 'req' is used before its declaration [/root/tinyriscv_arty_100t_main/tinyriscv_arty_100t.srcs/sources_1/imports/rtl/utils/full_handshake_rx.v:60]
WARNING: [Synth 8-6901] identifier 'req' is used before its declaration [/root/tinyriscv_arty_100t_main/tinyriscv_arty_100t.srcs/sources_1/imports/rtl/utils/full_handshake_rx.v:68]
WARNING: [Synth 8-6901] identifier 'ack' is used before its declaration [/root/tinyriscv_arty_100t_main/tinyriscv_arty_100t.srcs/sources_1/imports/rtl/utils/full_handshake_tx.v:71]
WARNING: [Synth 8-6901] identifier 'ack' is used before its declaration [/root/tinyriscv_arty_100t_main/tinyriscv_arty_100t.srcs/sources_1/imports/rtl/utils/full_handshake_tx.v:79]
WARNING: [Synth 8-2507] parameter declaration becomes local in jtag_dm with formal parameter declaration list [/root/tinyriscv_arty_100t_main/tinyriscv_arty_100t.srcs/sources_1/imports/rtl/debug/jtag_dm.v:60]
WARNING: [Synth 8-2507] parameter declaration becomes local in jtag_dm with formal parameter declaration list [/root/tinyriscv_arty_100t_main/tinyriscv_arty_100t.srcs/sources_1/imports/rtl/debug/jtag_dm.v:61]
WARNING: [Synth 8-2507] parameter declaration becomes local in jtag_dm with formal parameter declaration list [/root/tinyriscv_arty_100t_main/tinyriscv_arty_100t.srcs/sources_1/imports/rtl/debug/jtag_dm.v:62]
WARNING: [Synth 8-2507] parameter declaration becomes local in jtag_driver with formal parameter declaration list [/root/tinyriscv_arty_100t_main/tinyriscv_arty_100t.srcs/sources_1/imports/rtl/debug/jtag_driver.v:47]
WARNING: [Synth 8-2507] parameter declaration becomes local in jtag_driver with formal parameter declaration list [/root/tinyriscv_arty_100t_main/tinyriscv_arty_100t.srcs/sources_1/imports/rtl/debug/jtag_driver.v:48]
WARNING: [Synth 8-2507] parameter declaration becomes local in jtag_driver with formal parameter declaration list [/root/tinyriscv_arty_100t_main/tinyriscv_arty_100t.srcs/sources_1/imports/rtl/debug/jtag_driver.v:49]
WARNING: [Synth 8-2507] parameter declaration becomes local in jtag_driver with formal parameter declaration list [/root/tinyriscv_arty_100t_main/tinyriscv_arty_100t.srcs/sources_1/imports/rtl/debug/jtag_driver.v:51]
WARNING: [Synth 8-2507] parameter declaration becomes local in jtag_driver with formal parameter declaration list [/root/tinyriscv_arty_100t_main/tinyriscv_arty_100t.srcs/sources_1/imports/rtl/debug/jtag_driver.v:52]
WARNING: [Synth 8-2507] parameter declaration becomes local in jtag_driver with formal parameter declaration list [/root/tinyriscv_arty_100t_main/tinyriscv_arty_100t.srcs/sources_1/imports/rtl/debug/jtag_driver.v:54]
WARNING: [Synth 8-2507] parameter declaration becomes local in jtag_driver with formal parameter declaration list [/root/tinyriscv_arty_100t_main/tinyriscv_arty_100t.srcs/sources_1/imports/rtl/debug/jtag_driver.v:55]
WARNING: [Synth 8-2507] parameter declaration becomes local in jtag_driver with formal parameter declaration list [/root/tinyriscv_arty_100t_main/tinyriscv_arty_100t.srcs/sources_1/imports/rtl/debug/jtag_driver.v:56]
WARNING: [Synth 8-2507] parameter declaration becomes local in jtag_driver with formal parameter declaration list [/root/tinyriscv_arty_100t_main/tinyriscv_arty_100t.srcs/sources_1/imports/rtl/debug/jtag_driver.v:72]
WARNING: [Synth 8-2507] parameter declaration becomes local in jtag_driver with formal parameter declaration list [/root/tinyriscv_arty_100t_main/tinyriscv_arty_100t.srcs/sources_1/imports/rtl/debug/jtag_driver.v:73]
WARNING: [Synth 8-2507] parameter declaration becomes local in jtag_driver with formal parameter declaration list [/root/tinyriscv_arty_100t_main/tinyriscv_arty_100t.srcs/sources_1/imports/rtl/debug/jtag_driver.v:74]
WARNING: [Synth 8-2507] parameter declaration becomes local in jtag_driver with formal parameter declaration list [/root/tinyriscv_arty_100t_main/tinyriscv_arty_100t.srcs/sources_1/imports/rtl/debug/jtag_driver.v:75]
WARNING: [Synth 8-2507] parameter declaration becomes local in jtag_driver with formal parameter declaration list [/root/tinyriscv_arty_100t_main/tinyriscv_arty_100t.srcs/sources_1/imports/rtl/debug/jtag_driver.v:76]
WARNING: [Synth 8-2507] parameter declaration becomes local in jtag_driver with formal parameter declaration list [/root/tinyriscv_arty_100t_main/tinyriscv_arty_100t.srcs/sources_1/imports/rtl/debug/jtag_driver.v:77]
WARNING: [Synth 8-2507] parameter declaration becomes local in jtag_driver with formal parameter declaration list [/root/tinyriscv_arty_100t_main/tinyriscv_arty_100t.srcs/sources_1/imports/rtl/debug/jtag_driver.v:78]
WARNING: [Synth 8-2507] parameter declaration becomes local in jtag_driver with formal parameter declaration list [/root/tinyriscv_arty_100t_main/tinyriscv_arty_100t.srcs/sources_1/imports/rtl/debug/jtag_driver.v:79]
WARNING: [Synth 8-2507] parameter declaration becomes local in jtag_driver with formal parameter declaration list [/root/tinyriscv_arty_100t_main/tinyriscv_arty_100t.srcs/sources_1/imports/rtl/debug/jtag_driver.v:80]
WARNING: [Synth 8-2507] parameter declaration becomes local in jtag_driver with formal parameter declaration list [/root/tinyriscv_arty_100t_main/tinyriscv_arty_100t.srcs/sources_1/imports/rtl/debug/jtag_driver.v:81]
WARNING: [Synth 8-2507] parameter declaration becomes local in jtag_driver with formal parameter declaration list [/root/tinyriscv_arty_100t_main/tinyriscv_arty_100t.srcs/sources_1/imports/rtl/debug/jtag_driver.v:82]
WARNING: [Synth 8-2507] parameter declaration becomes local in jtag_driver with formal parameter declaration list [/root/tinyriscv_arty_100t_main/tinyriscv_arty_100t.srcs/sources_1/imports/rtl/debug/jtag_driver.v:83]
WARNING: [Synth 8-2507] parameter declaration becomes local in jtag_driver with formal parameter declaration list [/root/tinyriscv_arty_100t_main/tinyriscv_arty_100t.srcs/sources_1/imports/rtl/debug/jtag_driver.v:84]
WARNING: [Synth 8-2507] parameter declaration becomes local in jtag_driver with formal parameter declaration list [/root/tinyriscv_arty_100t_main/tinyriscv_arty_100t.srcs/sources_1/imports/rtl/debug/jtag_driver.v:85]
WARNING: [Synth 8-2507] parameter declaration becomes local in jtag_driver with formal parameter declaration list [/root/tinyriscv_arty_100t_main/tinyriscv_arty_100t.srcs/sources_1/imports/rtl/debug/jtag_driver.v:86]
WARNING: [Synth 8-2507] parameter declaration becomes local in jtag_driver with formal parameter declaration list [/root/tinyriscv_arty_100t_main/tinyriscv_arty_100t.srcs/sources_1/imports/rtl/debug/jtag_driver.v:87]
WARNING: [Synth 8-2507] parameter declaration becomes local in jtag_driver with formal parameter declaration list [/root/tinyriscv_arty_100t_main/tinyriscv_arty_100t.srcs/sources_1/imports/rtl/debug/jtag_driver.v:90]
WARNING: [Synth 8-2507] parameter declaration becomes local in jtag_driver with formal parameter declaration list [/root/tinyriscv_arty_100t_main/tinyriscv_arty_100t.srcs/sources_1/imports/rtl/debug/jtag_driver.v:91]
WARNING: [Synth 8-2507] parameter declaration becomes local in jtag_driver with formal parameter declaration list [/root/tinyriscv_arty_100t_main/tinyriscv_arty_100t.srcs/sources_1/imports/rtl/debug/jtag_driver.v:92]
WARNING: [Synth 8-2507] parameter declaration becomes local in jtag_driver with formal parameter declaration list [/root/tinyriscv_arty_100t_main/tinyriscv_arty_100t.srcs/sources_1/imports/rtl/debug/jtag_driver.v:93]
WARNING: [Synth 8-2507] parameter declaration becomes local in jtag_top with formal parameter declaration list [/root/tinyriscv_arty_100t_main/tinyriscv_arty_100t.srcs/sources_1/imports/rtl/debug/jtag_top.v:48]
WARNING: [Synth 8-2507] parameter declaration becomes local in jtag_top with formal parameter declaration list [/root/tinyriscv_arty_100t_main/tinyriscv_arty_100t.srcs/sources_1/imports/rtl/debug/jtag_top.v:49]
---------------------------------------------------------------------------------
Starting RTL Elaboration : Time (s): cpu = 00:00:02 ; elapsed = 00:00:03 . Memory (MB): peak = 2333.477 ; gain = 0.000 ; free physical = 19694 ; free virtual = 27200
---------------------------------------------------------------------------------
INFO: [Synth 8-6157] synthesizing module 'tinyriscv_soc_top' [/root/tinyriscv_arty_100t_main/tinyriscv_arty_100t.srcs/sources_1/imports/rtl/soc/tinyriscv_soc_top.v:20]
INFO: [Synth 8-6157] synthesizing module 'clk_wiz_0' [/root/tinyriscv_arty_100t_main/tinyriscv_arty_100t.runs/synth_1/.Xil/Vivado-14507-DESKTOP-7ILI8OM/realtime/clk_wiz_0_stub.v:5]
INFO: [Synth 8-6155] done synthesizing module 'clk_wiz_0' (1#1) [/root/tinyriscv_arty_100t_main/tinyriscv_arty_100t.runs/synth_1/.Xil/Vivado-14507-DESKTOP-7ILI8OM/realtime/clk_wiz_0_stub.v:5]
INFO: [Synth 8-6085] Hierarchical reference on 'regs' stops possible memory inference [/root/tinyriscv_arty_100t_main/tinyriscv_arty_100t.srcs/sources_1/imports/rtl/core/regs.v:52]
INFO: [Synth 8-6157] synthesizing module 'tinyriscv' [/root/tinyriscv_arty_100t_main/tinyriscv_arty_100t.srcs/sources_1/imports/rtl/core/tinyriscv.v:20]
INFO: [Synth 8-6157] synthesizing module 'pc_reg' [/root/tinyriscv_arty_100t_main/tinyriscv_arty_100t.srcs/sources_1/imports/rtl/core/pc_reg.v:20]
INFO: [Synth 8-6155] done synthesizing module 'pc_reg' (2#1) [/root/tinyriscv_arty_100t_main/tinyriscv_arty_100t.srcs/sources_1/imports/rtl/core/pc_reg.v:20]
INFO: [Synth 8-6157] synthesizing module 'ctrl' [/root/tinyriscv_arty_100t_main/tinyriscv_arty_100t.srcs/sources_1/imports/rtl/core/ctrl.v:21]
INFO: [Synth 8-6155] done synthesizing module 'ctrl' (3#1) [/root/tinyriscv_arty_100t_main/tinyriscv_arty_100t.srcs/sources_1/imports/rtl/core/ctrl.v:21]
INFO: [Synth 8-6157] synthesizing module 'regs' [/root/tinyriscv_arty_100t_main/tinyriscv_arty_100t.srcs/sources_1/imports/rtl/core/regs.v:20]
INFO: [Synth 8-6085] Hierarchical reference on 'regs' stops possible memory inference [/root/tinyriscv_arty_100t_main/tinyriscv_arty_100t.srcs/sources_1/imports/rtl/core/regs.v:52]
INFO: [Synth 8-6155] done synthesizing module 'regs' (4#1) [/root/tinyriscv_arty_100t_main/tinyriscv_arty_100t.srcs/sources_1/imports/rtl/core/regs.v:20]
INFO: [Synth 8-6157] synthesizing module 'csr_reg' [/root/tinyriscv_arty_100t_main/tinyriscv_arty_100t.srcs/sources_1/imports/rtl/core/csr_reg.v:20]
INFO: [Synth 8-6155] done synthesizing module 'csr_reg' (5#1) [/root/tinyriscv_arty_100t_main/tinyriscv_arty_100t.srcs/sources_1/imports/rtl/core/csr_reg.v:20]
INFO: [Synth 8-6157] synthesizing module 'if_id' [/root/tinyriscv_arty_100t_main/tinyriscv_arty_100t.srcs/sources_1/imports/rtl/core/if_id.v:20]
INFO: [Synth 8-6157] synthesizing module 'gen_pipe_dff' [/root/tinyriscv_arty_100t_main/tinyriscv_arty_100t.srcs/sources_1/imports/rtl/utils/gen_dff.v:18]
	Parameter DW bound to: 32 - type: integer 
INFO: [Synth 8-6155] done synthesizing module 'gen_pipe_dff' (6#1) [/root/tinyriscv_arty_100t_main/tinyriscv_arty_100t.srcs/sources_1/imports/rtl/utils/gen_dff.v:18]
INFO: [Synth 8-6157] synthesizing module 'gen_pipe_dff__parameterized0' [/root/tinyriscv_arty_100t_main/tinyriscv_arty_100t.srcs/sources_1/imports/rtl/utils/gen_dff.v:18]
	Parameter DW bound to: 8 - type: integer 
INFO: [Synth 8-6155] done synthesizing module 'gen_pipe_dff__parameterized0' (6#1) [/root/tinyriscv_arty_100t_main/tinyriscv_arty_100t.srcs/sources_1/imports/rtl/utils/gen_dff.v:18]
INFO: [Synth 8-6155] done synthesizing module 'if_id' (7#1) [/root/tinyriscv_arty_100t_main/tinyriscv_arty_100t.srcs/sources_1/imports/rtl/core/if_id.v:20]
INFO: [Synth 8-6157] synthesizing module 'id' [/root/tinyriscv_arty_100t_main/tinyriscv_arty_100t.srcs/sources_1/imports/rtl/core/id.v:21]
INFO: [Synth 8-226] default block is never used [/root/tinyriscv_arty_100t_main/tinyriscv_arty_100t.srcs/sources_1/imports/rtl/core/id.v:87]
INFO: [Synth 8-226] default block is never used [/root/tinyriscv_arty_100t_main/tinyriscv_arty_100t.srcs/sources_1/imports/rtl/core/id.v:106]
INFO: [Synth 8-226] default block is never used [/root/tinyriscv_arty_100t_main/tinyriscv_arty_100t.srcs/sources_1/imports/rtl/core/id.v:123]
INFO: [Synth 8-6155] done synthesizing module 'id' (8#1) [/root/tinyriscv_arty_100t_main/tinyriscv_arty_100t.srcs/sources_1/imports/rtl/core/id.v:21]
INFO: [Synth 8-6157] synthesizing module 'id_ex' [/root/tinyriscv_arty_100t_main/tinyriscv_arty_100t.srcs/sources_1/imports/rtl/core/id_ex.v:20]
INFO: [Synth 8-6157] synthesizing module 'gen_pipe_dff__parameterized1' [/root/tinyriscv_arty_100t_main/tinyriscv_arty_100t.srcs/sources_1/imports/rtl/utils/gen_dff.v:18]
	Parameter DW bound to: 1 - type: integer 
INFO: [Synth 8-6155] done synthesizing module 'gen_pipe_dff__parameterized1' (8#1) [/root/tinyriscv_arty_100t_main/tinyriscv_arty_100t.srcs/sources_1/imports/rtl/utils/gen_dff.v:18]
INFO: [Synth 8-6157] synthesizing module 'gen_pipe_dff__parameterized2' [/root/tinyriscv_arty_100t_main/tinyriscv_arty_100t.srcs/sources_1/imports/rtl/utils/gen_dff.v:18]
	Parameter DW bound to: 5 - type: integer 
INFO: [Synth 8-6155] done synthesizing module 'gen_pipe_dff__parameterized2' (8#1) [/root/tinyriscv_arty_100t_main/tinyriscv_arty_100t.srcs/sources_1/imports/rtl/utils/gen_dff.v:18]
INFO: [Synth 8-6155] done synthesizing module 'id_ex' (9#1) [/root/tinyriscv_arty_100t_main/tinyriscv_arty_100t.srcs/sources_1/imports/rtl/core/id_ex.v:20]
INFO: [Synth 8-6157] synthesizing module 'ex' [/root/tinyriscv_arty_100t_main/tinyriscv_arty_100t.srcs/sources_1/imports/rtl/core/ex.v:21]
INFO: [Synth 8-226] default block is never used [/root/tinyriscv_arty_100t_main/tinyriscv_arty_100t.srcs/sources_1/imports/rtl/core/ex.v:256]
INFO: [Synth 8-226] default block is never used [/root/tinyriscv_arty_100t_main/tinyriscv_arty_100t.srcs/sources_1/imports/rtl/core/ex.v:355]
INFO: [Synth 8-6155] done synthesizing module 'ex' (10#1) [/root/tinyriscv_arty_100t_main/tinyriscv_arty_100t.srcs/sources_1/imports/rtl/core/ex.v:21]
INFO: [Synth 8-6157] synthesizing module 'div' [/root/tinyriscv_arty_100t_main/tinyriscv_arty_100t.srcs/sources_1/imports/rtl/core/div.v:22]
	Parameter STATE_IDLE bound to: 4'b0001 
	Parameter STATE_START bound to: 4'b0010 
	Parameter STATE_CALC bound to: 4'b0100 
	Parameter STATE_END bound to: 4'b1000 
INFO: [Synth 8-155] case statement is not full and has no default [/root/tinyriscv_arty_100t_main/tinyriscv_arty_100t.srcs/sources_1/imports/rtl/core/div.v:87]
INFO: [Synth 8-6155] done synthesizing module 'div' (11#1) [/root/tinyriscv_arty_100t_main/tinyriscv_arty_100t.srcs/sources_1/imports/rtl/core/div.v:22]
INFO: [Synth 8-6157] synthesizing module 'clint' [/root/tinyriscv_arty_100t_main/tinyriscv_arty_100t.srcs/sources_1/imports/rtl/core/clint.v:22]
	Parameter S_INT_IDLE bound to: 4'b0001 
	Parameter S_INT_SYNC_ASSERT bound to: 4'b0010 
	Parameter S_INT_ASYNC_ASSERT bound to: 4'b0100 
	Parameter S_INT_MRET bound to: 4'b1000 
	Parameter S_CSR_IDLE bound to: 5'b00001 
	Parameter S_CSR_MSTATUS bound to: 5'b00010 
	Parameter S_CSR_MEPC bound to: 5'b00100 
	Parameter S_CSR_MSTATUS_MRET bound to: 5'b01000 
	Parameter S_CSR_MCAUSE bound to: 5'b10000 
INFO: [Synth 8-6155] done synthesizing module 'clint' (12#1) [/root/tinyriscv_arty_100t_main/tinyriscv_arty_100t.srcs/sources_1/imports/rtl/core/clint.v:22]
INFO: [Synth 8-6155] done synthesizing module 'tinyriscv' (13#1) [/root/tinyriscv_arty_100t_main/tinyriscv_arty_100t.srcs/sources_1/imports/rtl/core/tinyriscv.v:20]
INFO: [Synth 8-6157] synthesizing module 'rom' [/root/tinyriscv_arty_100t_main/tinyriscv_arty_100t.srcs/sources_1/imports/rtl/perips/rom.v:20]
INFO: [Synth 8-6155] done synthesizing module 'rom' (14#1) [/root/tinyriscv_arty_100t_main/tinyriscv_arty_100t.srcs/sources_1/imports/rtl/perips/rom.v:20]
INFO: [Synth 8-6157] synthesizing module 'ram' [/root/tinyriscv_arty_100t_main/tinyriscv_arty_100t.srcs/sources_1/imports/rtl/perips/ram.v:20]
INFO: [Synth 8-6155] done synthesizing module 'ram' (15#1) [/root/tinyriscv_arty_100t_main/tinyriscv_arty_100t.srcs/sources_1/imports/rtl/perips/ram.v:20]
INFO: [Synth 8-6157] synthesizing module 'timer' [/root/tinyriscv_arty_100t_main/tinyriscv_arty_100t.srcs/sources_1/imports/rtl/perips/timer.v:21]
	Parameter REG_CTRL bound to: 4'b0000 
	Parameter REG_COUNT bound to: 4'b0100 
	Parameter REG_VALUE bound to: 4'b1000 
INFO: [Synth 8-155] case statement is not full and has no default [/root/tinyriscv_arty_100t_main/tinyriscv_arty_100t.srcs/sources_1/imports/rtl/perips/timer.v:79]
INFO: [Synth 8-6155] done synthesizing module 'timer' (16#1) [/root/tinyriscv_arty_100t_main/tinyriscv_arty_100t.srcs/sources_1/imports/rtl/perips/timer.v:21]
INFO: [Synth 8-6157] synthesizing module 'uart' [/root/tinyriscv_arty_100t_main/tinyriscv_arty_100t.srcs/sources_1/imports/rtl/perips/uart.v:19]
	Parameter BAUD_115200 bound to: 440 - type: integer 
	Parameter S_IDLE bound to: 4'b0001 
	Parameter S_START bound to: 4'b0010 
	Parameter S_SEND_BYTE bound to: 4'b0100 
	Parameter S_STOP bound to: 4'b1000 
	Parameter UART_CTRL bound to: 8'b00000000 
	Parameter UART_STATUS bound to: 8'b00000100 
	Parameter UART_BAUD bound to: 8'b00001000 
	Parameter UART_TXDATA bound to: 8'b00001100 
	Parameter UART_RXDATA bound to: 8'b00010000 
INFO: [Synth 8-155] case statement is not full and has no default [/root/tinyriscv_arty_100t_main/tinyriscv_arty_100t.srcs/sources_1/imports/rtl/perips/uart.v:102]
INFO: [Synth 8-155] case statement is not full and has no default [/root/tinyriscv_arty_100t_main/tinyriscv_arty_100t.srcs/sources_1/imports/rtl/perips/uart.v:183]
INFO: [Synth 8-155] case statement is not full and has no default [/root/tinyriscv_arty_100t_main/tinyriscv_arty_100t.srcs/sources_1/imports/rtl/perips/uart.v:307]
INFO: [Synth 8-6155] done synthesizing module 'uart' (17#1) [/root/tinyriscv_arty_100t_main/tinyriscv_arty_100t.srcs/sources_1/imports/rtl/perips/uart.v:19]
INFO: [Synth 8-6157] synthesizing module 'gpio' [/root/tinyriscv_arty_100t_main/tinyriscv_arty_100t.srcs/sources_1/imports/rtl/perips/gpio.v:19]
	Parameter GPIO_CTRL bound to: 4'b0000 
	Parameter GPIO_DATA bound to: 4'b0100 
INFO: [Synth 8-155] case statement is not full and has no default [/root/tinyriscv_arty_100t_main/tinyriscv_arty_100t.srcs/sources_1/imports/rtl/perips/gpio.v:60]
INFO: [Synth 8-6155] done synthesizing module 'gpio' (18#1) [/root/tinyriscv_arty_100t_main/tinyriscv_arty_100t.srcs/sources_1/imports/rtl/perips/gpio.v:19]
INFO: [Synth 8-6157] synthesizing module 'spi' [/root/tinyriscv_arty_100t_main/tinyriscv_arty_100t.srcs/sources_1/imports/rtl/perips/spi.v:19]
	Parameter SPI_CTRL bound to: 4'b0000 
	Parameter SPI_DATA bound to: 4'b0100 
	Parameter SPI_STATUS bound to: 4'b1000 
INFO: [Synth 8-155] case statement is not full and has no default [/root/tinyriscv_arty_100t_main/tinyriscv_arty_100t.srcs/sources_1/imports/rtl/perips/spi.v:140]
INFO: [Synth 8-6155] done synthesizing module 'spi' (19#1) [/root/tinyriscv_arty_100t_main/tinyriscv_arty_100t.srcs/sources_1/imports/rtl/perips/spi.v:19]
INFO: [Synth 8-6157] synthesizing module 'rib' [/root/tinyriscv_arty_100t_main/tinyriscv_arty_100t.srcs/sources_1/imports/rtl/core/rib.v:21]
	Parameter slave_0 bound to: 4'b0000 
	Parameter slave_1 bound to: 4'b0001 
	Parameter slave_2 bound to: 4'b0010 
	Parameter slave_3 bound to: 4'b0011 
	Parameter slave_4 bound to: 4'b0100 
	Parameter slave_5 bound to: 4'b0101 
	Parameter grant0 bound to: 2'b00 
	Parameter grant1 bound to: 2'b01 
	Parameter grant2 bound to: 2'b10 
	Parameter grant3 bound to: 2'b11 
INFO: [Synth 8-226] default block is never used [/root/tinyriscv_arty_100t_main/tinyriscv_arty_100t.srcs/sources_1/imports/rtl/core/rib.v:161]
INFO: [Synth 8-6155] done synthesizing module 'rib' (20#1) [/root/tinyriscv_arty_100t_main/tinyriscv_arty_100t.srcs/sources_1/imports/rtl/core/rib.v:21]
INFO: [Synth 8-6157] synthesizing module 'uart_debug' [/root/tinyriscv_arty_100t_main/tinyriscv_arty_100t.srcs/sources_1/imports/rtl/debug/uart_debug.v:44]
	Parameter S_IDLE bound to: 14'b00000000000001 
	Parameter S_INIT_UART_BAUD bound to: 14'b00000000000010 
	Parameter S_CLEAR_UART_RX_OVER_FLAG bound to: 14'b00000000000100 
	Parameter S_WAIT_BYTE bound to: 14'b00000000001000 
	Parameter S_WAIT_BYTE2 bound to: 14'b00000000010000 
	Parameter S_GET_BYTE bound to: 14'b00000000100000 
	Parameter S_REC_FIRST_PACKET bound to: 14'b00000001000000 
	Parameter S_REC_REMAIN_PACKET bound to: 14'b00000010000000 
	Parameter S_SEND_ACK bound to: 14'b00000100000000 
	Parameter S_SEND_NAK bound to: 14'b00001000000000 
	Parameter S_CRC_START bound to: 14'b00010000000000 
	Parameter S_CRC_CALC bound to: 14'b00100000000000 
	Parameter S_CRC_END bound to: 14'b01000000000000 
	Parameter S_WRITE_MEM bound to: 14'b10000000000000 
INFO: [Synth 8-155] case statement is not full and has no default [/root/tinyriscv_arty_100t_main/tinyriscv_arty_100t.srcs/sources_1/imports/rtl/debug/uart_debug.v:108]
INFO: [Synth 8-155] case statement is not full and has no default [/root/tinyriscv_arty_100t_main/tinyriscv_arty_100t.srcs/sources_1/imports/rtl/debug/uart_debug.v:220]
INFO: [Synth 8-155] case statement is not full and has no default [/root/tinyriscv_arty_100t_main/tinyriscv_arty_100t.srcs/sources_1/imports/rtl/debug/uart_debug.v:236]
INFO: [Synth 8-155] case statement is not full and has no default [/root/tinyriscv_arty_100t_main/tinyriscv_arty_100t.srcs/sources_1/imports/rtl/debug/uart_debug.v:256]
INFO: [Synth 8-155] case statement is not full and has no default [/root/tinyriscv_arty_100t_main/tinyriscv_arty_100t.srcs/sources_1/imports/rtl/debug/uart_debug.v:269]
INFO: [Synth 8-155] case statement is not full and has no default [/root/tinyriscv_arty_100t_main/tinyriscv_arty_100t.srcs/sources_1/imports/rtl/debug/uart_debug.v:288]
INFO: [Synth 8-155] case statement is not full and has no default [/root/tinyriscv_arty_100t_main/tinyriscv_arty_100t.srcs/sources_1/imports/rtl/debug/uart_debug.v:306]
INFO: [Synth 8-155] case statement is not full and has no default [/root/tinyriscv_arty_100t_main/tinyriscv_arty_100t.srcs/sources_1/imports/rtl/debug/uart_debug.v:324]
INFO: [Synth 8-155] case statement is not full and has no default [/root/tinyriscv_arty_100t_main/tinyriscv_arty_100t.srcs/sources_1/imports/rtl/debug/uart_debug.v:342]
INFO: [Synth 8-155] case statement is not full and has no default [/root/tinyriscv_arty_100t_main/tinyriscv_arty_100t.srcs/sources_1/imports/rtl/debug/uart_debug.v:360]
INFO: [Synth 8-155] case statement is not full and has no default [/root/tinyriscv_arty_100t_main/tinyriscv_arty_100t.srcs/sources_1/imports/rtl/debug/uart_debug.v:379]
INFO: [Synth 8-155] case statement is not full and has no default [/root/tinyriscv_arty_100t_main/tinyriscv_arty_100t.srcs/sources_1/imports/rtl/debug/uart_debug.v:404]
INFO: [Synth 8-155] case statement is not full and has no default [/root/tinyriscv_arty_100t_main/tinyriscv_arty_100t.srcs/sources_1/imports/rtl/debug/uart_debug.v:423]
INFO: [Synth 8-6155] done synthesizing module 'uart_debug' (21#1) [/root/tinyriscv_arty_100t_main/tinyriscv_arty_100t.srcs/sources_1/imports/rtl/debug/uart_debug.v:44]
INFO: [Synth 8-6157] synthesizing module 'jtag_top' [/root/tinyriscv_arty_100t_main/tinyriscv_arty_100t.srcs/sources_1/imports/rtl/debug/jtag_top.v:20]
	Parameter DMI_ADDR_BITS bound to: 6 - type: integer 
	Parameter DMI_DATA_BITS bound to: 32 - type: integer 
	Parameter DMI_OP_BITS bound to: 2 - type: integer 
	Parameter DM_RESP_BITS bound to: 40 - type: integer 
	Parameter DTM_REQ_BITS bound to: 40 - type: integer 
INFO: [Synth 8-6157] synthesizing module 'jtag_driver' [/root/tinyriscv_arty_100t_main/tinyriscv_arty_100t.srcs/sources_1/imports/rtl/debug/jtag_driver.v:23]
	Parameter DMI_ADDR_BITS bound to: 6 - type: integer 
	Parameter DMI_DATA_BITS bound to: 32 - type: integer 
	Parameter DMI_OP_BITS bound to: 2 - type: integer 
	Parameter IDCODE_VERSION bound to: 4'b0001 
	Parameter IDCODE_PART_NUMBER bound to: 16'b1110001000000000 
	Parameter IDCODE_MANUFLD bound to: 11'b10100110111 
	Parameter DTM_VERSION bound to: 4'b0001 
	Parameter IR_BITS bound to: 5 - type: integer 
	Parameter DM_RESP_BITS bound to: 40 - type: integer 
	Parameter DTM_REQ_BITS bound to: 40 - type: integer 
	Parameter SHIFT_REG_BITS bound to: 40 - type: integer 
	Parameter TEST_LOGIC_RESET bound to: 4'b0000 
	Parameter RUN_TEST_IDLE bound to: 4'b0001 
	Parameter SELECT_DR bound to: 4'b0010 
	Parameter CAPTURE_DR bound to: 4'b0011 
	Parameter SHIFT_DR bound to: 4'b0100 
	Parameter EXIT1_DR bound to: 4'b0101 
	Parameter PAUSE_DR bound to: 4'b0110 
	Parameter EXIT2_DR bound to: 4'b0111 
	Parameter UPDATE_DR bound to: 4'b1000 
	Parameter SELECT_IR bound to: 4'b1001 
	Parameter CAPTURE_IR bound to: 4'b1010 
	Parameter SHIFT_IR bound to: 4'b1011 
	Parameter EXIT1_IR bound to: 4'b1100 
	Parameter PAUSE_IR bound to: 4'b1101 
	Parameter EXIT2_IR bound to: 4'b1110 
	Parameter UPDATE_IR bound to: 4'b1111 
	Parameter REG_BYPASS bound to: 5'b11111 
	Parameter REG_IDCODE bound to: 5'b00001 
	Parameter REG_DMI bound to: 5'b10001 
	Parameter REG_DTMCS bound to: 5'b10000 
INFO: [Synth 8-155] case statement is not full and has no default [/root/tinyriscv_arty_100t_main/tinyriscv_arty_100t.srcs/sources_1/imports/rtl/debug/jtag_driver.v:162]
INFO: [Synth 8-6157] synthesizing module 'full_handshake_tx' [/root/tinyriscv_arty_100t_main/tinyriscv_arty_100t.srcs/sources_1/imports/rtl/utils/full_handshake_tx.v:23]
	Parameter DW bound to: 40 - type: integer 
	Parameter STATE_IDLE bound to: 3'b001 
	Parameter STATE_ASSERT bound to: 3'b010 
	Parameter STATE_DEASSERT bound to: 3'b100 
INFO: [Synth 8-155] case statement is not full and has no default [/root/tinyriscv_arty_100t_main/tinyriscv_arty_100t.srcs/sources_1/imports/rtl/utils/full_handshake_tx.v:115]
INFO: [Synth 8-6155] done synthesizing module 'full_handshake_tx' (22#1) [/root/tinyriscv_arty_100t_main/tinyriscv_arty_100t.srcs/sources_1/imports/rtl/utils/full_handshake_tx.v:23]
INFO: [Synth 8-6157] synthesizing module 'full_handshake_rx' [/root/tinyriscv_arty_100t_main/tinyriscv_arty_100t.srcs/sources_1/imports/rtl/utils/full_handshake_rx.v:23]
	Parameter DW bound to: 40 - type: integer 
	Parameter STATE_IDLE bound to: 2'b01 
	Parameter STATE_DEASSERT bound to: 2'b10 
INFO: [Synth 8-155] case statement is not full and has no default [/root/tinyriscv_arty_100t_main/tinyriscv_arty_100t.srcs/sources_1/imports/rtl/utils/full_handshake_rx.v:104]
INFO: [Synth 8-6155] done synthesizing module 'full_handshake_rx' (23#1) [/root/tinyriscv_arty_100t_main/tinyriscv_arty_100t.srcs/sources_1/imports/rtl/utils/full_handshake_rx.v:23]
INFO: [Synth 8-6155] done synthesizing module 'jtag_driver' (24#1) [/root/tinyriscv_arty_100t_main/tinyriscv_arty_100t.srcs/sources_1/imports/rtl/debug/jtag_driver.v:23]
INFO: [Synth 8-6157] synthesizing module 'jtag_dm' [/root/tinyriscv_arty_100t_main/tinyriscv_arty_100t.srcs/sources_1/imports/rtl/debug/jtag_dm.v:27]
	Parameter DMI_ADDR_BITS bound to: 6 - type: integer 
	Parameter DMI_DATA_BITS bound to: 32 - type: integer 
	Parameter DMI_OP_BITS bound to: 2 - type: integer 
	Parameter DM_RESP_BITS bound to: 40 - type: integer 
	Parameter DTM_REQ_BITS bound to: 40 - type: integer 
	Parameter SHIFT_REG_BITS bound to: 40 - type: integer 
	Parameter DCSR bound to: 16'b0000011110110000 
	Parameter DMSTATUS bound to: 6'b010001 
	Parameter DMCONTROL bound to: 6'b010000 
	Parameter HARTINFO bound to: 6'b010010 
	Parameter ABSTRACTCS bound to: 6'b010110 
	Parameter DATA0 bound to: 6'b000100 
	Parameter SBCS bound to: 6'b111000 
	Parameter SBADDRESS0 bound to: 6'b111001 
	Parameter SBDATA0 bound to: 6'b111100 
	Parameter COMMAND bound to: 6'b010111 
	Parameter DPC bound to: 16'b0000011110110001 
	Parameter OP_SUCC bound to: 2'b00 
INFO: [Synth 8-155] case statement is not full and has no default [/root/tinyriscv_arty_100t_main/tinyriscv_arty_100t.srcs/sources_1/imports/rtl/debug/jtag_dm.v:204]
INFO: [Synth 8-155] case statement is not full and has no default [/root/tinyriscv_arty_100t_main/tinyriscv_arty_100t.srcs/sources_1/imports/rtl/debug/jtag_dm.v:161]
INFO: [Synth 8-6155] done synthesizing module 'jtag_dm' (25#1) [/root/tinyriscv_arty_100t_main/tinyriscv_arty_100t.srcs/sources_1/imports/rtl/debug/jtag_dm.v:27]
INFO: [Synth 8-6155] done synthesizing module 'jtag_top' (26#1) [/root/tinyriscv_arty_100t_main/tinyriscv_arty_100t.srcs/sources_1/imports/rtl/debug/jtag_top.v:20]
INFO: [Synth 8-6155] done synthesizing module 'tinyriscv_soc_top' (27#1) [/root/tinyriscv_arty_100t_main/tinyriscv_arty_100t.srcs/sources_1/imports/rtl/soc/tinyriscv_soc_top.v:20]
---------------------------------------------------------------------------------
Finished RTL Elaboration : Time (s): cpu = 00:00:04 ; elapsed = 00:00:04 . Memory (MB): peak = 2333.477 ; gain = 0.000 ; free physical = 20316 ; free virtual = 27831
---------------------------------------------------------------------------------
---------------------------------------------------------------------------------
Start Handling Custom Attributes
---------------------------------------------------------------------------------
---------------------------------------------------------------------------------
Finished Handling Custom Attributes : Time (s): cpu = 00:00:04 ; elapsed = 00:00:05 . Memory (MB): peak = 2333.477 ; gain = 0.000 ; free physical = 20319 ; free virtual = 27834
---------------------------------------------------------------------------------
---------------------------------------------------------------------------------
Finished RTL Optimization Phase 1 : Time (s): cpu = 00:00:04 ; elapsed = 00:00:05 . Memory (MB): peak = 2333.477 ; gain = 0.000 ; free physical = 20319 ; free virtual = 27834
---------------------------------------------------------------------------------
Netlist sorting complete. Time (s): cpu = 00:00:00.10 ; elapsed = 00:00:00.12 . Memory (MB): peak = 2333.477 ; gain = 0.000 ; free physical = 20308 ; free virtual = 27824
INFO: [Project 1-570] Preparing netlist for logic optimization

Processing XDC Constraints
Initializing timing engine
Parsing XDC File [/root/tinyriscv_arty_100t_main/tinyriscv_arty_100t.gen/sources_1/ip/clk_wiz_0/clk_wiz_0/clk_wiz_0_in_context.xdc] for cell 'clk_100M_to_50M'
Finished Parsing XDC File [/root/tinyriscv_arty_100t_main/tinyriscv_arty_100t.gen/sources_1/ip/clk_wiz_0/clk_wiz_0/clk_wiz_0_in_context.xdc] for cell 'clk_100M_to_50M'
Parsing XDC File [/root/tinyriscv_arty_100t_main/tinyriscv_arty_100t.srcs/constrs_1/imports/constrs/tinyriscv.xdc]
WARNING: [Vivado 12-507] No nets matched 'jtag_TCK_IBUF'. [/root/tinyriscv_arty_100t_main/tinyriscv_arty_100t.srcs/constrs_1/imports/constrs/tinyriscv.xdc:59]
Finished Parsing XDC File [/root/tinyriscv_arty_100t_main/tinyriscv_arty_100t.srcs/constrs_1/imports/constrs/tinyriscv.xdc]
WARNING: [Project 1-498] One or more constraints failed evaluation while reading constraint file [/root/tinyriscv_arty_100t_main/tinyriscv_arty_100t.srcs/constrs_1/imports/constrs/tinyriscv.xdc] and the design contains unresolved black boxes. These constraints will be read post-synthesis (as long as their source constraint file is marked as used_in_implementation) and should be applied correctly then. You should review the constraints listed in the file [.Xil/tinyriscv_soc_top_propImpl.xdc] and check the run log file to verify that these constraints were correctly applied.
INFO: [Project 1-236] Implementation specific constraints were found while reading constraint file [/root/tinyriscv_arty_100t_main/tinyriscv_arty_100t.srcs/constrs_1/imports/constrs/tinyriscv.xdc]. These constraints will be ignored for synthesis but will be used in implementation. Impacted constraints are listed in the file [.Xil/tinyriscv_soc_top_propImpl.xdc].
Resolution: To avoid this warning, move constraints listed in [.Xil/tinyriscv_soc_top_propImpl.xdc] to another XDC file and exclude this new file from synthesis with the used_in_synthesis property (File Properties dialog in GUI) and re-run elaboration/synthesis.
Completed Processing XDC Constraints

Netlist sorting complete. Time (s): cpu = 00:00:00.01 ; elapsed = 00:00:00 . Memory (MB): peak = 2442.266 ; gain = 0.000 ; free physical = 20124 ; free virtual = 27654
INFO: [Project 1-111] Unisim Transformation Summary:
No Unisim elements were transformed.

Constraint Validation Runtime : Time (s): cpu = 00:00:00.02 ; elapsed = 00:00:00.02 . Memory (MB): peak = 2442.266 ; gain = 0.000 ; free physical = 20124 ; free virtual = 27654
---------------------------------------------------------------------------------
Finished Constraint Validation : Time (s): cpu = 00:00:09 ; elapsed = 00:00:10 . Memory (MB): peak = 2442.266 ; gain = 108.789 ; free physical = 20264 ; free virtual = 27795
---------------------------------------------------------------------------------
---------------------------------------------------------------------------------
Start Loading Part and Timing Information
---------------------------------------------------------------------------------
Loading part: xc7a100tcsg324-1
---------------------------------------------------------------------------------
Finished Loading Part and Timing Information : Time (s): cpu = 00:00:09 ; elapsed = 00:00:10 . Memory (MB): peak = 2442.266 ; gain = 108.789 ; free physical = 20265 ; free virtual = 27795
---------------------------------------------------------------------------------
---------------------------------------------------------------------------------
Start Applying 'set_property' XDC Constraints
---------------------------------------------------------------------------------
Applied set_property IO_BUFFER_TYPE = NONE for clk_100M. (constraint file  /root/tinyriscv_arty_100t_main/tinyriscv_arty_100t.gen/sources_1/ip/clk_wiz_0/clk_wiz_0/clk_wiz_0_in_context.xdc, line 3).
Applied set_property CLOCK_BUFFER_TYPE = NONE for clk_100M. (constraint file  /root/tinyriscv_arty_100t_main/tinyriscv_arty_100t.gen/sources_1/ip/clk_wiz_0/clk_wiz_0/clk_wiz_0_in_context.xdc, line 4).
Applied set_property KEEP_HIERARCHY = SOFT for clk_100M_to_50M. (constraint file  auto generated constraint).
---------------------------------------------------------------------------------
Finished applying 'set_property' XDC Constraints : Time (s): cpu = 00:00:09 ; elapsed = 00:00:10 . Memory (MB): peak = 2442.266 ; gain = 108.789 ; free physical = 20268 ; free virtual = 27799
---------------------------------------------------------------------------------
INFO: [Synth 8-802] inferred FSM for state register 'state_reg' in module 'div'
INFO: [Synth 8-802] inferred FSM for state register 'csr_state_reg' in module 'clint'
INFO: [Synth 8-802] inferred FSM for state register 'state_reg' in module 'uart_debug'
INFO: [Synth 8-802] inferred FSM for state register 'state_reg' in module 'full_handshake_tx'
INFO: [Synth 8-802] inferred FSM for state register 'state_reg' in module 'full_handshake_rx'
INFO: [Synth 8-802] inferred FSM for state register 'jtag_state_reg' in module 'jtag_driver'
---------------------------------------------------------------------------------------------------
                   State |                     New Encoding |                Previous Encoding 
---------------------------------------------------------------------------------------------------
*
              STATE_IDLE |                             0001 |                             0001
             STATE_START |                             0010 |                             0010
              STATE_CALC |                             0100 |                             0100
               STATE_END |                             1000 |                             1000
---------------------------------------------------------------------------------------------------
INFO: [Synth 8-3898] No Re-encoding of one hot register 'state_reg' in module 'div'
---------------------------------------------------------------------------------------------------
                   State |                     New Encoding |                Previous Encoding 
---------------------------------------------------------------------------------------------------
*
              S_CSR_IDLE |                            00001 |                            00001
              S_CSR_MEPC |                            00100 |                            00100
           S_CSR_MSTATUS |                            00010 |                            00010
            S_CSR_MCAUSE |                            10000 |                            10000
      S_CSR_MSTATUS_MRET |                            01000 |                            01000
---------------------------------------------------------------------------------------------------
INFO: [Synth 8-3898] No Re-encoding of one hot register 'csr_state_reg' in module 'clint'
---------------------------------------------------------------------------------------------------
                   State |                     New Encoding |                Previous Encoding 
---------------------------------------------------------------------------------------------------
*
                  S_IDLE |                   00000000000001 |                   00000000000001
        S_INIT_UART_BAUD |                   00000000000010 |                   00000000000010
      S_REC_FIRST_PACKET |                   00000001000000 |                   00000001000000
S_CLEAR_UART_RX_OVER_FLAG |                   00000000000100 |                   00000000000100
             S_WAIT_BYTE |                   00000000001000 |                   00000000001000
            S_WAIT_BYTE2 |                   00000000010000 |                   00000000010000
              S_GET_BYTE |                   00000000100000 |                   00000000100000
             S_CRC_START |                   00010000000000 |                   00010000000000
              S_CRC_CALC |                   00100000000000 |                   00100000000000
               S_CRC_END |                   01000000000000 |                   01000000000000
             S_WRITE_MEM |                   10000000000000 |                   10000000000000
              S_SEND_ACK |                   00000100000000 |                   00000100000000
              S_SEND_NAK |                   00001000000000 |                   00001000000000
     S_REC_REMAIN_PACKET |                   00000010000000 |                   00000010000000
---------------------------------------------------------------------------------------------------
INFO: [Synth 8-3898] No Re-encoding of one hot register 'state_reg' in module 'uart_debug'
---------------------------------------------------------------------------------------------------
                   State |                     New Encoding |                Previous Encoding 
---------------------------------------------------------------------------------------------------
*
              STATE_IDLE |                              001 |                              001
            STATE_ASSERT |                              010 |                              010
          STATE_DEASSERT |                              100 |                              100
---------------------------------------------------------------------------------------------------
INFO: [Synth 8-3898] No Re-encoding of one hot register 'state_reg' in module 'full_handshake_tx'
---------------------------------------------------------------------------------------------------
                   State |                     New Encoding |                Previous Encoding 
---------------------------------------------------------------------------------------------------
*
              STATE_IDLE |                               01 |                               01
          STATE_DEASSERT |                               10 |                               10
---------------------------------------------------------------------------------------------------
INFO: [Synth 8-3898] No Re-encoding of one hot register 'state_reg' in module 'full_handshake_rx'
---------------------------------------------------------------------------------------------------
                   State |                     New Encoding |                Previous Encoding 
---------------------------------------------------------------------------------------------------
        TEST_LOGIC_RESET |                 0000000000000001 |                             0000
           RUN_TEST_IDLE |                 0000000000000010 |                             0001
               SELECT_DR |                 0000000000000100 |                             0010
               SELECT_IR |                 0000000000001000 |                             1001
              CAPTURE_IR |                 0000000000010000 |                             1010
                SHIFT_IR |                 0000000000100000 |                             1011
                EXIT1_IR |                 0000000001000000 |                             1100
                PAUSE_IR |                 0000000010000000 |                             1101
                EXIT2_IR |                 0000000100000000 |                             1110
               UPDATE_IR |                 0000001000000000 |                             1111
              CAPTURE_DR |                 0000010000000000 |                             0011
                SHIFT_DR |                 0000100000000000 |                             0100
                EXIT1_DR |                 0001000000000000 |                             0101
                PAUSE_DR |                 0010000000000000 |                             0110
                EXIT2_DR |                 0100000000000000 |                             0111
               UPDATE_DR |                 1000000000000000 |                             1000
---------------------------------------------------------------------------------------------------
INFO: [Synth 8-3354] encoded FSM with state register 'jtag_state_reg' using encoding 'one-hot' in module 'jtag_driver'
---------------------------------------------------------------------------------
Finished RTL Optimization Phase 2 : Time (s): cpu = 00:00:13 ; elapsed = 00:00:14 . Memory (MB): peak = 2442.266 ; gain = 108.789 ; free physical = 20244 ; free virtual = 27780
---------------------------------------------------------------------------------
---------------------------------------------------------------------------------
Start RTL Component Statistics 
---------------------------------------------------------------------------------
Detailed RTL Component Info : 
+---Adders : 
	   2 Input   64 Bit       Adders := 1     
	   2 Input   32 Bit       Adders := 16    
	   3 Input   32 Bit       Adders := 2     
	   2 Input   16 Bit       Adders := 1     
	   2 Input    9 Bit       Adders := 2     
	   2 Input    8 Bit       Adders := 7     
	   2 Input    5 Bit       Adders := 1     
	   2 Input    4 Bit       Adders := 4     
	   2 Input    2 Bit       Adders := 2     
+---XORs : 
	   2 Input     32 Bit         XORs := 1     
	   2 Input     16 Bit         XORs := 2     
	   2 Input      1 Bit         XORs := 1     
+---Registers : 
	               40 Bit    Registers := 7     
	               32 Bit    Registers := 91    
	               16 Bit    Registers := 3     
	                9 Bit    Registers := 1     
	                8 Bit    Registers := 142   
	                5 Bit    Registers := 5     
	                4 Bit    Registers := 5     
	                3 Bit    Registers := 1     
	                1 Bit    Registers := 49    
+---Muxes : 
	   4 Input   40 Bit        Muxes := 4     
	   3 Input   40 Bit        Muxes := 3     
	   2 Input   40 Bit        Muxes := 1     
	   2 Input   32 Bit        Muxes := 236   
	  33 Input   32 Bit        Muxes := 1     
	   9 Input   32 Bit        Muxes := 2     
	   8 Input   32 Bit        Muxes := 3     
	   5 Input   32 Bit        Muxes := 11    
	   6 Input   32 Bit        Muxes := 3     
	   4 Input   32 Bit        Muxes := 25    
	  11 Input   32 Bit        Muxes := 5     
	   7 Input   32 Bit        Muxes := 27    
	   3 Input   32 Bit        Muxes := 2     
	  15 Input   32 Bit        Muxes := 2     
	   2 Input   31 Bit        Muxes := 1     
	   2 Input   28 Bit        Muxes := 24    
	   7 Input   28 Bit        Muxes := 24    
	   4 Input   28 Bit        Muxes := 6     
	   2 Input   16 Bit        Muxes := 21    
	  16 Input   16 Bit        Muxes := 1     
	  15 Input   16 Bit        Muxes := 1     
	   3 Input   16 Bit        Muxes := 1     
	  15 Input   14 Bit        Muxes := 1     
	   2 Input   14 Bit        Muxes := 2     
	  13 Input   12 Bit        Muxes := 1     
	   3 Input   12 Bit        Muxes := 1     
	   5 Input   12 Bit        Muxes := 1     
	   2 Input   12 Bit        Muxes := 1     
	   2 Input   11 Bit        Muxes := 1     
	   5 Input   10 Bit        Muxes := 1     
	   2 Input    8 Bit        Muxes := 3     
	   4 Input    8 Bit        Muxes := 6     
	   3 Input    8 Bit        Muxes := 1     
	   2 Input    5 Bit        Muxes := 20    
	   3 Input    5 Bit        Muxes := 2     
	   5 Input    5 Bit        Muxes := 1     
	   6 Input    5 Bit        Muxes := 1     
	   9 Input    4 Bit        Muxes := 2     
	   5 Input    4 Bit        Muxes := 2     
	   2 Input    4 Bit        Muxes := 9     
	   4 Input    4 Bit        Muxes := 1     
	   3 Input    4 Bit        Muxes := 3     
	  13 Input    3 Bit        Muxes := 5     
	   2 Input    3 Bit        Muxes := 10    
	  11 Input    3 Bit        Muxes := 1     
	   4 Input    3 Bit        Muxes := 2     
	   8 Input    3 Bit        Muxes := 1     
	   3 Input    3 Bit        Muxes := 1     
	   2 Input    2 Bit        Muxes := 11    
	   3 Input    2 Bit        Muxes := 3     
	   5 Input    2 Bit        Muxes := 2     
	   4 Input    2 Bit        Muxes := 1     
	   2 Input    1 Bit        Muxes := 255   
	   7 Input    1 Bit        Muxes := 43    
	   8 Input    1 Bit        Muxes := 8     
	   3 Input    1 Bit        Muxes := 24    
	  13 Input    1 Bit        Muxes := 2     
	   4 Input    1 Bit        Muxes := 178   
	  11 Input    1 Bit        Muxes := 4     
	   6 Input    1 Bit        Muxes := 3     
	   5 Input    1 Bit        Muxes := 19    
	  10 Input    1 Bit        Muxes := 1     
	  15 Input    1 Bit        Muxes := 5     
---------------------------------------------------------------------------------
Finished RTL Component Statistics 
---------------------------------------------------------------------------------
---------------------------------------------------------------------------------
Start Part Resource Summary
---------------------------------------------------------------------------------
Part Resources:
DSPs: 240 (col length:80)
BRAMs: 270 (col length: RAMB18 80 RAMB36 40)
---------------------------------------------------------------------------------
Finished Part Resource Summary
---------------------------------------------------------------------------------
---------------------------------------------------------------------------------
Start Cross Boundary and Area Optimization
---------------------------------------------------------------------------------
DSP Report: Generating DSP mul_temp, operation Mode is: A*B.
DSP Report: operator mul_temp is absorbed into DSP mul_temp.
DSP Report: operator mul_temp is absorbed into DSP mul_temp.
DSP Report: Generating DSP mul_temp, operation Mode is: (PCIN>>17)+A*B.
DSP Report: operator mul_temp is absorbed into DSP mul_temp.
DSP Report: operator mul_temp is absorbed into DSP mul_temp.
DSP Report: Generating DSP mul_temp, operation Mode is: A*B.
DSP Report: operator mul_temp is absorbed into DSP mul_temp.
DSP Report: operator mul_temp is absorbed into DSP mul_temp.
DSP Report: Generating DSP mul_temp, operation Mode is: (PCIN>>17)+A*B.
DSP Report: operator mul_temp is absorbed into DSP mul_temp.
DSP Report: operator mul_temp is absorbed into DSP mul_temp.
---------------------------------------------------------------------------------
Finished Cross Boundary and Area Optimization : Time (s): cpu = 00:00:41 ; elapsed = 00:00:43 . Memory (MB): peak = 2455.250 ; gain = 121.773 ; free physical = 20170 ; free virtual = 27727
---------------------------------------------------------------------------------
---------------------------------------------------------------------------------
Start ROM, RAM, DSP, Shift Register and Retiming Reporting
---------------------------------------------------------------------------------

Distributed RAM: Preliminary Mapping	Report (see note below)
+------------------+----------------+-----------+----------------------+------------------+
|Module Name       | RTL Object     | Inference | Size (Depth x Width) | Primitives       | 
+------------------+----------------+-----------+----------------------+------------------+
|tinyriscv_soc_top | u_ram/_ram_reg | Implied   | 4 K x 32             | RAM256X1S x 512	 | 
|tinyriscv_soc_top | u_rom/_rom_reg | Implied   | 4 K x 32             | RAM256X1S x 512	 | 
+------------------+----------------+-----------+----------------------+------------------+

Note: The table above is a preliminary report that shows the Distributed RAMs at the current stage of the synthesis flow. Some Distributed RAMs may be reimplemented as non Distributed RAM primitives later in the synthesis flow. Multiple instantiated RAMs are reported only once.

DSP: Preliminary Mapping	Report (see note below)
+------------+----------------+--------+--------+--------+--------+--------+------+------+------+------+-------+------+------+
|Module Name | DSP Mapping    | A Size | B Size | C Size | D Size | P Size | AREG | BREG | CREG | DREG | ADREG | MREG | PREG | 
+------------+----------------+--------+--------+--------+--------+--------+------+------+------+------+-------+------+------+
|ex          | A*B            | 18     | 16     | -      | -      | 48     | 0    | 0    | -    | -    | -     | 0    | 0    | 
|ex          | (PCIN>>17)+A*B | 16     | 16     | -      | -      | 30     | 0    | 0    | -    | -    | -     | 0    | 0    | 
|ex          | A*B            | 18     | 18     | -      | -      | 48     | 0    | 0    | -    | -    | -     | 0    | 0    | 
|ex          | (PCIN>>17)+A*B | 18     | 16     | -      | -      | 47     | 0    | 0    | -    | -    | -     | 0    | 0    | 
+------------+----------------+--------+--------+--------+--------+--------+------+------+------+------+-------+------+------+

Note: The table above is a preliminary report that shows the DSPs inferred at the current stage of the synthesis flow. Some DSP may be reimplemented as non DSP primitives later in the synthesis flow. Multiple instantiated DSPs are reported only once.
---------------------------------------------------------------------------------
Finished ROM, RAM, DSP, Shift Register and Retiming Reporting
---------------------------------------------------------------------------------
---------------------------------------------------------------------------------
Start Applying XDC Timing Constraints
---------------------------------------------------------------------------------
---------------------------------------------------------------------------------
Finished Applying XDC Timing Constraints : Time (s): cpu = 00:00:45 ; elapsed = 00:00:48 . Memory (MB): peak = 2455.250 ; gain = 121.773 ; free physical = 20040 ; free virtual = 27604
---------------------------------------------------------------------------------
---------------------------------------------------------------------------------
Start Timing Optimization
---------------------------------------------------------------------------------
---------------------------------------------------------------------------------
Finished Timing Optimization : Time (s): cpu = 00:00:46 ; elapsed = 00:00:49 . Memory (MB): peak = 2455.250 ; gain = 121.773 ; free physical = 20023 ; free virtual = 27587
---------------------------------------------------------------------------------
---------------------------------------------------------------------------------
Start ROM, RAM, DSP, Shift Register and Retiming Reporting
---------------------------------------------------------------------------------

Distributed RAM: Final Mapping	Report
+------------------+----------------+-----------+----------------------+------------------+
|Module Name       | RTL Object     | Inference | Size (Depth x Width) | Primitives       | 
+------------------+----------------+-----------+----------------------+------------------+
|tinyriscv_soc_top | u_ram/_ram_reg | Implied   | 4 K x 32             | RAM256X1S x 512	 | 
|tinyriscv_soc_top | u_rom/_rom_reg | Implied   | 4 K x 32             | RAM256X1S x 512	 | 
+------------------+----------------+-----------+----------------------+------------------+

---------------------------------------------------------------------------------
Finished ROM, RAM, DSP, Shift Register and Retiming Reporting
---------------------------------------------------------------------------------
---------------------------------------------------------------------------------
Start Technology Mapping
---------------------------------------------------------------------------------
---------------------------------------------------------------------------------
Finished Technology Mapping : Time (s): cpu = 00:00:51 ; elapsed = 00:00:54 . Memory (MB): peak = 2501.281 ; gain = 167.805 ; free physical = 20013 ; free virtual = 27578
---------------------------------------------------------------------------------
---------------------------------------------------------------------------------
Start IO Insertion
---------------------------------------------------------------------------------
---------------------------------------------------------------------------------
Start Flattening Before IO Insertion
---------------------------------------------------------------------------------
---------------------------------------------------------------------------------
Finished Flattening Before IO Insertion
---------------------------------------------------------------------------------
---------------------------------------------------------------------------------
Start Final Netlist Cleanup
---------------------------------------------------------------------------------
---------------------------------------------------------------------------------
Finished Final Netlist Cleanup
---------------------------------------------------------------------------------
---------------------------------------------------------------------------------
Finished IO Insertion : Time (s): cpu = 00:00:53 ; elapsed = 00:00:56 . Memory (MB): peak = 2501.281 ; gain = 167.805 ; free physical = 20024 ; free virtual = 27588
---------------------------------------------------------------------------------
---------------------------------------------------------------------------------
Start Renaming Generated Instances
---------------------------------------------------------------------------------
---------------------------------------------------------------------------------
Finished Renaming Generated Instances : Time (s): cpu = 00:00:53 ; elapsed = 00:00:56 . Memory (MB): peak = 2501.281 ; gain = 167.805 ; free physical = 20024 ; free virtual = 27588
---------------------------------------------------------------------------------
---------------------------------------------------------------------------------
Start Rebuilding User Hierarchy
---------------------------------------------------------------------------------
---------------------------------------------------------------------------------
Finished Rebuilding User Hierarchy : Time (s): cpu = 00:00:54 ; elapsed = 00:00:57 . Memory (MB): peak = 2501.281 ; gain = 167.805 ; free physical = 20023 ; free virtual = 27587
---------------------------------------------------------------------------------
---------------------------------------------------------------------------------
Start Renaming Generated Ports
---------------------------------------------------------------------------------
---------------------------------------------------------------------------------
Finished Renaming Generated Ports : Time (s): cpu = 00:00:54 ; elapsed = 00:00:57 . Memory (MB): peak = 2501.281 ; gain = 167.805 ; free physical = 20023 ; free virtual = 27587
---------------------------------------------------------------------------------
---------------------------------------------------------------------------------
Start Handling Custom Attributes
---------------------------------------------------------------------------------
---------------------------------------------------------------------------------
Finished Handling Custom Attributes : Time (s): cpu = 00:00:55 ; elapsed = 00:00:58 . Memory (MB): peak = 2501.281 ; gain = 167.805 ; free physical = 20018 ; free virtual = 27583
---------------------------------------------------------------------------------
---------------------------------------------------------------------------------
Start Renaming Generated Nets
---------------------------------------------------------------------------------
---------------------------------------------------------------------------------
Finished Renaming Generated Nets : Time (s): cpu = 00:00:55 ; elapsed = 00:00:58 . Memory (MB): peak = 2501.281 ; gain = 167.805 ; free physical = 20018 ; free virtual = 27583
---------------------------------------------------------------------------------
---------------------------------------------------------------------------------
Start Writing Synthesis Report
---------------------------------------------------------------------------------

Report BlackBoxes: 
+------+--------------+----------+
|      |BlackBox name |Instances |
+------+--------------+----------+
|1     |clk_wiz_0     |         1|
+------+--------------+----------+

Report Cell Usage: 
+------+----------+------+
|      |Cell      |Count |
+------+----------+------+
|1     |clk_wiz   |     1|
|2     |BUFG      |     1|
|3     |CARRY4    |   223|
|4     |DSP48E1   |     4|
|5     |LUT1      |   304|
|6     |LUT2      |   870|
|7     |LUT3      |   773|
|8     |LUT4      |   902|
|9     |LUT5      |  1495|
|10    |LUT6      |  6213|
|11    |MUXF7     |   828|
|12    |MUXF8     |   241|
|13    |RAM256X1S |  1024|
|14    |FDCE      |   545|
|15    |FDPE      |    11|
|16    |FDRE      |  3713|
|17    |FDSE      |    19|
|18    |IBUF      |     7|
|19    |IOBUF     |     2|
|20    |OBUF      |     8|
+------+----------+------+
---------------------------------------------------------------------------------
Finished Writing Synthesis Report : Time (s): cpu = 00:00:55 ; elapsed = 00:00:58 . Memory (MB): peak = 2501.281 ; gain = 167.805 ; free physical = 20018 ; free virtual = 27583
---------------------------------------------------------------------------------
Synthesis finished with 0 errors, 0 critical warnings and 0 warnings.
Synthesis Optimization Runtime : Time (s): cpu = 00:00:52 ; elapsed = 00:00:55 . Memory (MB): peak = 2501.281 ; gain = 59.016 ; free physical = 20070 ; free virtual = 27634
Synthesis Optimization Complete : Time (s): cpu = 00:00:55 ; elapsed = 00:00:58 . Memory (MB): peak = 2501.289 ; gain = 167.805 ; free physical = 20070 ; free virtual = 27634
INFO: [Project 1-571] Translating synthesized netlist
Netlist sorting complete. Time (s): cpu = 00:00:00.10 ; elapsed = 00:00:00.11 . Memory (MB): peak = 2501.289 ; gain = 0.000 ; free physical = 20160 ; free virtual = 27727
INFO: [Netlist 29-17] Analyzing 2322 Unisim elements for replacement
INFO: [Netlist 29-28] Unisim Transformation completed in 0 CPU seconds
INFO: [Project 1-570] Preparing netlist for logic optimization
INFO: [Opt 31-138] Pushed 0 inverter(s) to 0 load pin(s).
Netlist sorting complete. Time (s): cpu = 00:00:00 ; elapsed = 00:00:00.01 . Memory (MB): peak = 2533.297 ; gain = 0.000 ; free physical = 20095 ; free virtual = 27662
INFO: [Project 1-111] Unisim Transformation Summary:
  A total of 1026 instances were transformed.
  IOBUF => IOBUF (IBUF, OBUFT): 2 instances
  RAM256X1S => RAM256X1S (MUXF7(x2), MUXF8, RAMS64E(x4)): 1024 instances

INFO: [Common 17-83] Releasing license: Synthesis
120 Infos, 39 Warnings, 0 Critical Warnings and 0 Errors encountered.
synth_design completed successfully
synth_design: Time (s): cpu = 00:01:03 ; elapsed = 00:01:04 . Memory (MB): peak = 2533.297 ; gain = 199.875 ; free physical = 20173 ; free virtual = 27740
INFO: [Common 17-1381] The checkpoint '/root/tinyriscv_arty_100t_main/tinyriscv_arty_100t.runs/synth_1/tinyriscv_soc_top.dcp' has been generated.
INFO: [runtcl-4] Executing : report_utilization -file tinyriscv_soc_top_utilization_synth.rpt -pb tinyriscv_soc_top_utilization_synth.pb
INFO: [Common 17-206] Exiting Vivado at Mon Nov 14 16:18:35 2022...
