
*** Running vivado
    with args -log tinyriscv_soc_top.vds -m64 -product Vivado -mode batch -messageDb vivado.pb -notrace -source tinyriscv_soc_top.tcl


****** Vivado v2020.2 (64-bit)
  **** SW Build 3064766 on Wed Nov 18 09:12:47 MST 2020
  **** IP Build 3064653 on Wed Nov 18 14:17:31 MST 2020
    ** Copyright 1986-2020 Xilinx, Inc. All Rights Reserved.

source tinyriscv_soc_top.tcl -notrace
Command: synth_design -top tinyriscv_soc_top -part xc7a100tcsg324-1
Starting synth_design
Attempting to get a license for feature 'Synthesis' and/or device 'xc7a100t'
INFO: [Common 17-349] Got license for feature 'Synthesis' and/or device 'xc7a100t'
INFO: [Device 21-403] Loading part xc7a100tcsg324-1
INFO: [Synth 8-7079] Multithreading enabled for synth_design using a maximum of 4 processes.
INFO: [Synth 8-7078] Launching helper process for spawning children vivado processes
INFO: [Synth 8-7075] Helper process launched with PID 23714
WARNING: [Synth 8-6901] identifier 'div_ready' is used before its declaration [/root/tinyriscv_arty_100t_bram/tinyriscv_arty_100t_bram/tinyriscv_arty_100t_bram.srcs/sources_1/imports/rtl/core/exu_muldiv.v:44]
WARNING: [Synth 8-6901] identifier 'req' is used before its declaration [/root/tinyriscv_arty_100t_bram/tinyriscv_arty_100t_bram/tinyriscv_arty_100t_bram.srcs/sources_1/imports/rtl/utils/full_handshake_rx.v:60]
WARNING: [Synth 8-6901] identifier 'req' is used before its declaration [/root/tinyriscv_arty_100t_bram/tinyriscv_arty_100t_bram/tinyriscv_arty_100t_bram.srcs/sources_1/imports/rtl/utils/full_handshake_rx.v:68]
WARNING: [Synth 8-6901] identifier 'ack' is used before its declaration [/root/tinyriscv_arty_100t_bram/tinyriscv_arty_100t_bram/tinyriscv_arty_100t_bram.srcs/sources_1/imports/rtl/utils/full_handshake_tx.v:71]
WARNING: [Synth 8-6901] identifier 'ack' is used before its declaration [/root/tinyriscv_arty_100t_bram/tinyriscv_arty_100t_bram/tinyriscv_arty_100t_bram.srcs/sources_1/imports/rtl/utils/full_handshake_tx.v:79]
WARNING: [Synth 8-2507] parameter declaration becomes local in jtag_dm with formal parameter declaration list [/root/tinyriscv_arty_100t_bram/tinyriscv_arty_100t_bram/tinyriscv_arty_100t_bram.srcs/sources_1/imports/rtl/debug/jtag_dm.v:60]
WARNING: [Synth 8-2507] parameter declaration becomes local in jtag_dm with formal parameter declaration list [/root/tinyriscv_arty_100t_bram/tinyriscv_arty_100t_bram/tinyriscv_arty_100t_bram.srcs/sources_1/imports/rtl/debug/jtag_dm.v:61]
WARNING: [Synth 8-2507] parameter declaration becomes local in jtag_dm with formal parameter declaration list [/root/tinyriscv_arty_100t_bram/tinyriscv_arty_100t_bram/tinyriscv_arty_100t_bram.srcs/sources_1/imports/rtl/debug/jtag_dm.v:62]
WARNING: [Synth 8-2507] parameter declaration becomes local in jtag_driver with formal parameter declaration list [/root/tinyriscv_arty_100t_bram/tinyriscv_arty_100t_bram/tinyriscv_arty_100t_bram.srcs/sources_1/imports/rtl/debug/jtag_driver.v:42]
WARNING: [Synth 8-2507] parameter declaration becomes local in jtag_driver with formal parameter declaration list [/root/tinyriscv_arty_100t_bram/tinyriscv_arty_100t_bram/tinyriscv_arty_100t_bram.srcs/sources_1/imports/rtl/debug/jtag_driver.v:43]
WARNING: [Synth 8-2507] parameter declaration becomes local in jtag_driver with formal parameter declaration list [/root/tinyriscv_arty_100t_bram/tinyriscv_arty_100t_bram/tinyriscv_arty_100t_bram.srcs/sources_1/imports/rtl/debug/jtag_driver.v:44]
WARNING: [Synth 8-2507] parameter declaration becomes local in jtag_driver with formal parameter declaration list [/root/tinyriscv_arty_100t_bram/tinyriscv_arty_100t_bram/tinyriscv_arty_100t_bram.srcs/sources_1/imports/rtl/debug/jtag_driver.v:46]
WARNING: [Synth 8-2507] parameter declaration becomes local in jtag_driver with formal parameter declaration list [/root/tinyriscv_arty_100t_bram/tinyriscv_arty_100t_bram/tinyriscv_arty_100t_bram.srcs/sources_1/imports/rtl/debug/jtag_driver.v:47]
WARNING: [Synth 8-2507] parameter declaration becomes local in jtag_driver with formal parameter declaration list [/root/tinyriscv_arty_100t_bram/tinyriscv_arty_100t_bram/tinyriscv_arty_100t_bram.srcs/sources_1/imports/rtl/debug/jtag_driver.v:49]
WARNING: [Synth 8-2507] parameter declaration becomes local in jtag_driver with formal parameter declaration list [/root/tinyriscv_arty_100t_bram/tinyriscv_arty_100t_bram/tinyriscv_arty_100t_bram.srcs/sources_1/imports/rtl/debug/jtag_driver.v:50]
WARNING: [Synth 8-2507] parameter declaration becomes local in jtag_driver with formal parameter declaration list [/root/tinyriscv_arty_100t_bram/tinyriscv_arty_100t_bram/tinyriscv_arty_100t_bram.srcs/sources_1/imports/rtl/debug/jtag_driver.v:51]
WARNING: [Synth 8-2507] parameter declaration becomes local in jtag_driver with formal parameter declaration list [/root/tinyriscv_arty_100t_bram/tinyriscv_arty_100t_bram/tinyriscv_arty_100t_bram.srcs/sources_1/imports/rtl/debug/jtag_driver.v:67]
WARNING: [Synth 8-2507] parameter declaration becomes local in jtag_driver with formal parameter declaration list [/root/tinyriscv_arty_100t_bram/tinyriscv_arty_100t_bram/tinyriscv_arty_100t_bram.srcs/sources_1/imports/rtl/debug/jtag_driver.v:68]
WARNING: [Synth 8-2507] parameter declaration becomes local in jtag_driver with formal parameter declaration list [/root/tinyriscv_arty_100t_bram/tinyriscv_arty_100t_bram/tinyriscv_arty_100t_bram.srcs/sources_1/imports/rtl/debug/jtag_driver.v:69]
WARNING: [Synth 8-2507] parameter declaration becomes local in jtag_driver with formal parameter declaration list [/root/tinyriscv_arty_100t_bram/tinyriscv_arty_100t_bram/tinyriscv_arty_100t_bram.srcs/sources_1/imports/rtl/debug/jtag_driver.v:70]
WARNING: [Synth 8-2507] parameter declaration becomes local in jtag_driver with formal parameter declaration list [/root/tinyriscv_arty_100t_bram/tinyriscv_arty_100t_bram/tinyriscv_arty_100t_bram.srcs/sources_1/imports/rtl/debug/jtag_driver.v:71]
WARNING: [Synth 8-2507] parameter declaration becomes local in jtag_driver with formal parameter declaration list [/root/tinyriscv_arty_100t_bram/tinyriscv_arty_100t_bram/tinyriscv_arty_100t_bram.srcs/sources_1/imports/rtl/debug/jtag_driver.v:72]
WARNING: [Synth 8-2507] parameter declaration becomes local in jtag_driver with formal parameter declaration list [/root/tinyriscv_arty_100t_bram/tinyriscv_arty_100t_bram/tinyriscv_arty_100t_bram.srcs/sources_1/imports/rtl/debug/jtag_driver.v:73]
WARNING: [Synth 8-2507] parameter declaration becomes local in jtag_driver with formal parameter declaration list [/root/tinyriscv_arty_100t_bram/tinyriscv_arty_100t_bram/tinyriscv_arty_100t_bram.srcs/sources_1/imports/rtl/debug/jtag_driver.v:74]
WARNING: [Synth 8-2507] parameter declaration becomes local in jtag_driver with formal parameter declaration list [/root/tinyriscv_arty_100t_bram/tinyriscv_arty_100t_bram/tinyriscv_arty_100t_bram.srcs/sources_1/imports/rtl/debug/jtag_driver.v:75]
WARNING: [Synth 8-2507] parameter declaration becomes local in jtag_driver with formal parameter declaration list [/root/tinyriscv_arty_100t_bram/tinyriscv_arty_100t_bram/tinyriscv_arty_100t_bram.srcs/sources_1/imports/rtl/debug/jtag_driver.v:76]
WARNING: [Synth 8-2507] parameter declaration becomes local in jtag_driver with formal parameter declaration list [/root/tinyriscv_arty_100t_bram/tinyriscv_arty_100t_bram/tinyriscv_arty_100t_bram.srcs/sources_1/imports/rtl/debug/jtag_driver.v:77]
WARNING: [Synth 8-2507] parameter declaration becomes local in jtag_driver with formal parameter declaration list [/root/tinyriscv_arty_100t_bram/tinyriscv_arty_100t_bram/tinyriscv_arty_100t_bram.srcs/sources_1/imports/rtl/debug/jtag_driver.v:78]
WARNING: [Synth 8-2507] parameter declaration becomes local in jtag_driver with formal parameter declaration list [/root/tinyriscv_arty_100t_bram/tinyriscv_arty_100t_bram/tinyriscv_arty_100t_bram.srcs/sources_1/imports/rtl/debug/jtag_driver.v:79]
WARNING: [Synth 8-2507] parameter declaration becomes local in jtag_driver with formal parameter declaration list [/root/tinyriscv_arty_100t_bram/tinyriscv_arty_100t_bram/tinyriscv_arty_100t_bram.srcs/sources_1/imports/rtl/debug/jtag_driver.v:80]
WARNING: [Synth 8-2507] parameter declaration becomes local in jtag_driver with formal parameter declaration list [/root/tinyriscv_arty_100t_bram/tinyriscv_arty_100t_bram/tinyriscv_arty_100t_bram.srcs/sources_1/imports/rtl/debug/jtag_driver.v:81]
WARNING: [Synth 8-2507] parameter declaration becomes local in jtag_driver with formal parameter declaration list [/root/tinyriscv_arty_100t_bram/tinyriscv_arty_100t_bram/tinyriscv_arty_100t_bram.srcs/sources_1/imports/rtl/debug/jtag_driver.v:82]
WARNING: [Synth 8-2507] parameter declaration becomes local in jtag_driver with formal parameter declaration list [/root/tinyriscv_arty_100t_bram/tinyriscv_arty_100t_bram/tinyriscv_arty_100t_bram.srcs/sources_1/imports/rtl/debug/jtag_driver.v:85]
WARNING: [Synth 8-2507] parameter declaration becomes local in jtag_driver with formal parameter declaration list [/root/tinyriscv_arty_100t_bram/tinyriscv_arty_100t_bram/tinyriscv_arty_100t_bram.srcs/sources_1/imports/rtl/debug/jtag_driver.v:86]
WARNING: [Synth 8-2507] parameter declaration becomes local in jtag_driver with formal parameter declaration list [/root/tinyriscv_arty_100t_bram/tinyriscv_arty_100t_bram/tinyriscv_arty_100t_bram.srcs/sources_1/imports/rtl/debug/jtag_driver.v:87]
WARNING: [Synth 8-2507] parameter declaration becomes local in jtag_driver with formal parameter declaration list [/root/tinyriscv_arty_100t_bram/tinyriscv_arty_100t_bram/tinyriscv_arty_100t_bram.srcs/sources_1/imports/rtl/debug/jtag_driver.v:88]
WARNING: [Synth 8-2507] parameter declaration becomes local in jtag_top with formal parameter declaration list [/root/tinyriscv_arty_100t_bram/tinyriscv_arty_100t_bram/tinyriscv_arty_100t_bram.srcs/sources_1/imports/rtl/debug/jtag_top.v:54]
WARNING: [Synth 8-2507] parameter declaration becomes local in jtag_top with formal parameter declaration list [/root/tinyriscv_arty_100t_bram/tinyriscv_arty_100t_bram/tinyriscv_arty_100t_bram.srcs/sources_1/imports/rtl/debug/jtag_top.v:55]
---------------------------------------------------------------------------------
Starting RTL Elaboration : Time (s): cpu = 00:00:02 ; elapsed = 00:00:02 . Memory (MB): peak = 2339.512 ; gain = 0.000 ; free physical = 16224 ; free virtual = 24006
---------------------------------------------------------------------------------
INFO: [Synth 8-6157] synthesizing module 'tinyriscv_soc_top' [/root/tinyriscv_arty_100t_bram/tinyriscv_arty_100t_bram/tinyriscv_arty_100t_bram.srcs/sources_1/imports/rtl/top/tinyriscv_soc_top.v:20]
INFO: [Synth 8-6157] synthesizing module 'clk_wiz_0' [/root/tinyriscv_arty_100t_bram/tinyriscv_arty_100t_bram/tinyriscv_arty_100t_bram.runs/synth_1/.Xil/Vivado-23618-DESKTOP-7ILI8OM/realtime/clk_wiz_0_stub.v:5]
INFO: [Synth 8-6155] done synthesizing module 'clk_wiz_0' (1#1) [/root/tinyriscv_arty_100t_bram/tinyriscv_arty_100t_bram/tinyriscv_arty_100t_bram.runs/synth_1/.Xil/Vivado-23618-DESKTOP-7ILI8OM/realtime/clk_wiz_0_stub.v:5]
INFO: [Synth 8-6157] synthesizing module 'rst_ctrl' [/root/tinyriscv_arty_100t_bram/tinyriscv_arty_100t_bram/tinyriscv_arty_100t_bram.srcs/sources_1/imports/rtl/core/rst_ctrl.v:18]
INFO: [Synth 8-6157] synthesizing module 'gen_ticks_sync' [/root/tinyriscv_arty_100t_bram/tinyriscv_arty_100t_bram/tinyriscv_arty_100t_bram.srcs/sources_1/imports/rtl/utils/gen_buf.v:18]
	Parameter DP bound to: 2 - type: integer 
	Parameter DW bound to: 1 - type: integer 
INFO: [Synth 8-6157] synthesizing module 'gen_rst_0_dff' [/root/tinyriscv_arty_100t_bram/tinyriscv_arty_100t_bram/tinyriscv_arty_100t_bram.srcs/sources_1/imports/rtl/utils/gen_dff.v:46]
	Parameter DW bound to: 1 - type: integer 
INFO: [Synth 8-6155] done synthesizing module 'gen_rst_0_dff' (2#1) [/root/tinyriscv_arty_100t_bram/tinyriscv_arty_100t_bram/tinyriscv_arty_100t_bram.srcs/sources_1/imports/rtl/utils/gen_dff.v:46]
INFO: [Synth 8-6155] done synthesizing module 'gen_ticks_sync' (3#1) [/root/tinyriscv_arty_100t_bram/tinyriscv_arty_100t_bram/tinyriscv_arty_100t_bram.srcs/sources_1/imports/rtl/utils/gen_buf.v:18]
INFO: [Synth 8-6155] done synthesizing module 'rst_ctrl' (4#1) [/root/tinyriscv_arty_100t_bram/tinyriscv_arty_100t_bram/tinyriscv_arty_100t_bram.srcs/sources_1/imports/rtl/core/rst_ctrl.v:18]
INFO: [Synth 8-6157] synthesizing module 'tinyriscv_core' [/root/tinyriscv_arty_100t_bram/tinyriscv_arty_100t_bram/tinyriscv_arty_100t_bram.srcs/sources_1/imports/rtl/core/tinyriscv_core.v:20]
INFO: [Synth 8-6157] synthesizing module 'ifu' [/root/tinyriscv_arty_100t_bram/tinyriscv_arty_100t_bram/tinyriscv_arty_100t_bram.srcs/sources_1/imports/rtl/core/ifu.v:20]
INFO: [Synth 8-6157] synthesizing module 'gen_en_dff' [/root/tinyriscv_arty_100t_bram/tinyriscv_arty_100t_bram/tinyriscv_arty_100t_bram.srcs/sources_1/imports/rtl/utils/gen_dff.v:125]
	Parameter DW bound to: 32 - type: integer 
INFO: [Synth 8-6155] done synthesizing module 'gen_en_dff' (5#1) [/root/tinyriscv_arty_100t_bram/tinyriscv_arty_100t_bram/tinyriscv_arty_100t_bram.srcs/sources_1/imports/rtl/utils/gen_dff.v:125]
INFO: [Synth 8-6155] done synthesizing module 'ifu' (6#1) [/root/tinyriscv_arty_100t_bram/tinyriscv_arty_100t_bram/tinyriscv_arty_100t_bram.srcs/sources_1/imports/rtl/core/ifu.v:20]
INFO: [Synth 8-6157] synthesizing module 'pipe_ctrl' [/root/tinyriscv_arty_100t_bram/tinyriscv_arty_100t_bram/tinyriscv_arty_100t_bram.srcs/sources_1/imports/rtl/core/pipe_ctrl.v:21]
INFO: [Synth 8-6155] done synthesizing module 'pipe_ctrl' (7#1) [/root/tinyriscv_arty_100t_bram/tinyriscv_arty_100t_bram/tinyriscv_arty_100t_bram.srcs/sources_1/imports/rtl/core/pipe_ctrl.v:21]
INFO: [Synth 8-6157] synthesizing module 'gpr_reg' [/root/tinyriscv_arty_100t_bram/tinyriscv_arty_100t_bram/tinyriscv_arty_100t_bram.srcs/sources_1/imports/rtl/core/gpr_reg.v:20]
INFO: [Synth 8-6157] synthesizing module 'gen_en_dffnr' [/root/tinyriscv_arty_100t_bram/tinyriscv_arty_100t_bram/tinyriscv_arty_100t_bram.srcs/sources_1/imports/rtl/utils/gen_dff.v:152]
	Parameter DW bound to: 32 - type: integer 
INFO: [Synth 8-6155] done synthesizing module 'gen_en_dffnr' (8#1) [/root/tinyriscv_arty_100t_bram/tinyriscv_arty_100t_bram/tinyriscv_arty_100t_bram.srcs/sources_1/imports/rtl/utils/gen_dff.v:152]
INFO: [Synth 8-6155] done synthesizing module 'gpr_reg' (9#1) [/root/tinyriscv_arty_100t_bram/tinyriscv_arty_100t_bram/tinyriscv_arty_100t_bram.srcs/sources_1/imports/rtl/core/gpr_reg.v:20]
INFO: [Synth 8-6157] synthesizing module 'csr_reg' [/root/tinyriscv_arty_100t_bram/tinyriscv_arty_100t_bram/tinyriscv_arty_100t_bram.srcs/sources_1/imports/rtl/core/csr_reg.v:20]
INFO: [Synth 8-155] case statement is not full and has no default [/root/tinyriscv_arty_100t_bram/tinyriscv_arty_100t_bram/tinyriscv_arty_100t_bram.srcs/sources_1/imports/rtl/core/csr_reg.v:79]
INFO: [Synth 8-6155] done synthesizing module 'csr_reg' (10#1) [/root/tinyriscv_arty_100t_bram/tinyriscv_arty_100t_bram/tinyriscv_arty_100t_bram.srcs/sources_1/imports/rtl/core/csr_reg.v:20]
INFO: [Synth 8-6157] synthesizing module 'ifu_idu' [/root/tinyriscv_arty_100t_bram/tinyriscv_arty_100t_bram/tinyriscv_arty_100t_bram.srcs/sources_1/imports/rtl/core/ifu_idu.v:20]
INFO: [Synth 8-6155] done synthesizing module 'ifu_idu' (11#1) [/root/tinyriscv_arty_100t_bram/tinyriscv_arty_100t_bram/tinyriscv_arty_100t_bram.srcs/sources_1/imports/rtl/core/ifu_idu.v:20]
INFO: [Synth 8-6157] synthesizing module 'idu' [/root/tinyriscv_arty_100t_bram/tinyriscv_arty_100t_bram/tinyriscv_arty_100t_bram.srcs/sources_1/imports/rtl/core/idu.v:21]
WARNING: [Synth 8-693] zero replication count - replication ignored [/root/tinyriscv_arty_100t_bram/tinyriscv_arty_100t_bram/tinyriscv_arty_100t_bram.srcs/sources_1/imports/rtl/core/idu.v:268]
INFO: [Synth 8-6155] done synthesizing module 'idu' (12#1) [/root/tinyriscv_arty_100t_bram/tinyriscv_arty_100t_bram/tinyriscv_arty_100t_bram.srcs/sources_1/imports/rtl/core/idu.v:21]
INFO: [Synth 8-6157] synthesizing module 'idu_exu' [/root/tinyriscv_arty_100t_bram/tinyriscv_arty_100t_bram/tinyriscv_arty_100t_bram.srcs/sources_1/imports/rtl/core/idu_exu.v:20]
INFO: [Synth 8-6157] synthesizing module 'gen_en_dff__parameterized0' [/root/tinyriscv_arty_100t_bram/tinyriscv_arty_100t_bram/tinyriscv_arty_100t_bram.srcs/sources_1/imports/rtl/utils/gen_dff.v:125]
	Parameter DW bound to: 19 - type: integer 
INFO: [Synth 8-6155] done synthesizing module 'gen_en_dff__parameterized0' (12#1) [/root/tinyriscv_arty_100t_bram/tinyriscv_arty_100t_bram/tinyriscv_arty_100t_bram.srcs/sources_1/imports/rtl/utils/gen_dff.v:125]
INFO: [Synth 8-6157] synthesizing module 'gen_en_dff__parameterized1' [/root/tinyriscv_arty_100t_bram/tinyriscv_arty_100t_bram/tinyriscv_arty_100t_bram.srcs/sources_1/imports/rtl/utils/gen_dff.v:125]
	Parameter DW bound to: 5 - type: integer 
INFO: [Synth 8-6155] done synthesizing module 'gen_en_dff__parameterized1' (12#1) [/root/tinyriscv_arty_100t_bram/tinyriscv_arty_100t_bram/tinyriscv_arty_100t_bram.srcs/sources_1/imports/rtl/utils/gen_dff.v:125]
INFO: [Synth 8-6157] synthesizing module 'gen_en_dff__parameterized2' [/root/tinyriscv_arty_100t_bram/tinyriscv_arty_100t_bram/tinyriscv_arty_100t_bram.srcs/sources_1/imports/rtl/utils/gen_dff.v:125]
	Parameter DW bound to: 1 - type: integer 
INFO: [Synth 8-6155] done synthesizing module 'gen_en_dff__parameterized2' (12#1) [/root/tinyriscv_arty_100t_bram/tinyriscv_arty_100t_bram/tinyriscv_arty_100t_bram.srcs/sources_1/imports/rtl/utils/gen_dff.v:125]
INFO: [Synth 8-6155] done synthesizing module 'idu_exu' (13#1) [/root/tinyriscv_arty_100t_bram/tinyriscv_arty_100t_bram/tinyriscv_arty_100t_bram.srcs/sources_1/imports/rtl/core/idu_exu.v:20]
INFO: [Synth 8-6157] synthesizing module 'exu' [/root/tinyriscv_arty_100t_bram/tinyriscv_arty_100t_bram/tinyriscv_arty_100t_bram.srcs/sources_1/imports/rtl/core/exu.v:21]
INFO: [Synth 8-6157] synthesizing module 'exu_dispatch' [/root/tinyriscv_arty_100t_bram/tinyriscv_arty_100t_bram/tinyriscv_arty_100t_bram.srcs/sources_1/imports/rtl/core/exu_dispatch.v:20]
INFO: [Synth 8-6155] done synthesizing module 'exu_dispatch' (14#1) [/root/tinyriscv_arty_100t_bram/tinyriscv_arty_100t_bram/tinyriscv_arty_100t_bram.srcs/sources_1/imports/rtl/core/exu_dispatch.v:20]
INFO: [Synth 8-6157] synthesizing module 'exu_alu_datapath' [/root/tinyriscv_arty_100t_bram/tinyriscv_arty_100t_bram/tinyriscv_arty_100t_bram.srcs/sources_1/imports/rtl/core/exu_alu_datapath.v:23]
INFO: [Synth 8-155] case statement is not full and has no default [/root/tinyriscv_arty_100t_bram/tinyriscv_arty_100t_bram/tinyriscv_arty_100t_bram.srcs/sources_1/imports/rtl/core/exu_alu_datapath.v:135]
INFO: [Synth 8-6155] done synthesizing module 'exu_alu_datapath' (15#1) [/root/tinyriscv_arty_100t_bram/tinyriscv_arty_100t_bram/tinyriscv_arty_100t_bram.srcs/sources_1/imports/rtl/core/exu_alu_datapath.v:23]
INFO: [Synth 8-6157] synthesizing module 'exu_mem' [/root/tinyriscv_arty_100t_bram/tinyriscv_arty_100t_bram/tinyriscv_arty_100t_bram.srcs/sources_1/imports/rtl/core/exu_mem.v:20]
INFO: [Synth 8-155] case statement is not full and has no default [/root/tinyriscv_arty_100t_bram/tinyriscv_arty_100t_bram/tinyriscv_arty_100t_bram.srcs/sources_1/imports/rtl/core/exu_mem.v:68]
INFO: [Synth 8-155] case statement is not full and has no default [/root/tinyriscv_arty_100t_bram/tinyriscv_arty_100t_bram/tinyriscv_arty_100t_bram.srcs/sources_1/imports/rtl/core/exu_mem.v:80]
INFO: [Synth 8-155] case statement is not full and has no default [/root/tinyriscv_arty_100t_bram/tinyriscv_arty_100t_bram/tinyriscv_arty_100t_bram.srcs/sources_1/imports/rtl/core/exu_mem.v:92]
INFO: [Synth 8-155] case statement is not full and has no default [/root/tinyriscv_arty_100t_bram/tinyriscv_arty_100t_bram/tinyriscv_arty_100t_bram.srcs/sources_1/imports/rtl/core/exu_mem.v:104]
INFO: [Synth 8-155] case statement is not full and has no default [/root/tinyriscv_arty_100t_bram/tinyriscv_arty_100t_bram/tinyriscv_arty_100t_bram.srcs/sources_1/imports/rtl/core/exu_mem.v:116]
INFO: [Synth 8-6155] done synthesizing module 'exu_mem' (16#1) [/root/tinyriscv_arty_100t_bram/tinyriscv_arty_100t_bram/tinyriscv_arty_100t_bram.srcs/sources_1/imports/rtl/core/exu_mem.v:20]
INFO: [Synth 8-6157] synthesizing module 'exu_muldiv' [/root/tinyriscv_arty_100t_bram/tinyriscv_arty_100t_bram/tinyriscv_arty_100t_bram.srcs/sources_1/imports/rtl/core/exu_muldiv.v:20]
INFO: [Synth 8-6157] synthesizing module 'divider' [/root/tinyriscv_arty_100t_bram/tinyriscv_arty_100t_bram/tinyriscv_arty_100t_bram.srcs/sources_1/imports/rtl/core/divider.v:22]
	Parameter STATE_IDLE bound to: 4'b0001 
	Parameter STATE_START bound to: 4'b0010 
	Parameter STATE_CALC bound to: 4'b0100 
	Parameter STATE_END bound to: 4'b1000 
INFO: [Synth 8-155] case statement is not full and has no default [/root/tinyriscv_arty_100t_bram/tinyriscv_arty_100t_bram/tinyriscv_arty_100t_bram.srcs/sources_1/imports/rtl/core/divider.v:80]
INFO: [Synth 8-6155] done synthesizing module 'divider' (17#1) [/root/tinyriscv_arty_100t_bram/tinyriscv_arty_100t_bram/tinyriscv_arty_100t_bram.srcs/sources_1/imports/rtl/core/divider.v:22]
INFO: [Synth 8-155] case statement is not full and has no default [/root/tinyriscv_arty_100t_bram/tinyriscv_arty_100t_bram/tinyriscv_arty_100t_bram.srcs/sources_1/imports/rtl/core/exu_muldiv.v:93]
INFO: [Synth 8-6155] done synthesizing module 'exu_muldiv' (18#1) [/root/tinyriscv_arty_100t_bram/tinyriscv_arty_100t_bram/tinyriscv_arty_100t_bram.srcs/sources_1/imports/rtl/core/exu_muldiv.v:20]
INFO: [Synth 8-6157] synthesizing module 'exu_commit' [/root/tinyriscv_arty_100t_bram/tinyriscv_arty_100t_bram/tinyriscv_arty_100t_bram.srcs/sources_1/imports/rtl/core/exu_commit.v:20]
INFO: [Synth 8-155] case statement is not full and has no default [/root/tinyriscv_arty_100t_bram/tinyriscv_arty_100t_bram/tinyriscv_arty_100t_bram.srcs/sources_1/imports/rtl/core/exu_commit.v:66]
INFO: [Synth 8-155] case statement is not full and has no default [/root/tinyriscv_arty_100t_bram/tinyriscv_arty_100t_bram/tinyriscv_arty_100t_bram.srcs/sources_1/imports/rtl/core/exu_commit.v:81]
INFO: [Synth 8-6155] done synthesizing module 'exu_commit' (19#1) [/root/tinyriscv_arty_100t_bram/tinyriscv_arty_100t_bram/tinyriscv_arty_100t_bram.srcs/sources_1/imports/rtl/core/exu_commit.v:20]
INFO: [Synth 8-6155] done synthesizing module 'exu' (20#1) [/root/tinyriscv_arty_100t_bram/tinyriscv_arty_100t_bram/tinyriscv_arty_100t_bram.srcs/sources_1/imports/rtl/core/exu.v:21]
INFO: [Synth 8-6157] synthesizing module 'clint' [/root/tinyriscv_arty_100t_bram/tinyriscv_arty_100t_bram/tinyriscv_arty_100t_bram.srcs/sources_1/imports/rtl/core/clint.v:21]
	Parameter S_INT_IDLE bound to: 4'b0001 
	Parameter S_INT_SYNC_ASSERT bound to: 4'b0010 
	Parameter S_INT_ASYNC_ASSERT bound to: 4'b0100 
	Parameter S_INT_MRET bound to: 4'b1000 
	Parameter S_CSR_IDLE bound to: 5'b00001 
	Parameter S_CSR_MSTATUS bound to: 5'b00010 
	Parameter S_CSR_MEPC bound to: 5'b00100 
	Parameter S_CSR_MSTATUS_MRET bound to: 5'b01000 
	Parameter S_CSR_MCAUSE bound to: 5'b10000 
INFO: [Synth 8-155] case statement is not full and has no default [/root/tinyriscv_arty_100t_bram/tinyriscv_arty_100t_bram/tinyriscv_arty_100t_bram.srcs/sources_1/imports/rtl/core/clint.v:120]
INFO: [Synth 8-6155] done synthesizing module 'clint' (21#1) [/root/tinyriscv_arty_100t_bram/tinyriscv_arty_100t_bram/tinyriscv_arty_100t_bram.srcs/sources_1/imports/rtl/core/clint.v:21]
INFO: [Synth 8-6155] done synthesizing module 'tinyriscv_core' (22#1) [/root/tinyriscv_arty_100t_bram/tinyriscv_arty_100t_bram/tinyriscv_arty_100t_bram.srcs/sources_1/imports/rtl/core/tinyriscv_core.v:20]
INFO: [Synth 8-6157] synthesizing module 'rom' [/root/tinyriscv_arty_100t_bram/tinyriscv_arty_100t_bram/tinyriscv_arty_100t_bram.srcs/sources_1/imports/rtl/perips/rom.v:20]
	Parameter DP bound to: 8192 - type: integer 
INFO: [Synth 8-6157] synthesizing module 'gen_ram' [/root/tinyriscv_arty_100t_bram/tinyriscv_arty_100t_bram/tinyriscv_arty_100t_bram.srcs/sources_1/imports/rtl/utils/gen_ram.v:20]
	Parameter DP bound to: 8192 - type: integer 
	Parameter DW bound to: 32 - type: integer 
	Parameter MW bound to: 4 - type: integer 
	Parameter AW bound to: 32 - type: integer 
INFO: [Synth 8-6155] done synthesizing module 'gen_ram' (23#1) [/root/tinyriscv_arty_100t_bram/tinyriscv_arty_100t_bram/tinyriscv_arty_100t_bram.srcs/sources_1/imports/rtl/utils/gen_ram.v:20]
INFO: [Synth 8-6157] synthesizing module 'vld_rdy' [/root/tinyriscv_arty_100t_bram/tinyriscv_arty_100t_bram/tinyriscv_arty_100t_bram.srcs/sources_1/imports/rtl/utils/vld_rdy.v:18]
	Parameter CUT_READY bound to: 0 - type: integer 
INFO: [Synth 8-6155] done synthesizing module 'vld_rdy' (24#1) [/root/tinyriscv_arty_100t_bram/tinyriscv_arty_100t_bram/tinyriscv_arty_100t_bram.srcs/sources_1/imports/rtl/utils/vld_rdy.v:18]
INFO: [Synth 8-6155] done synthesizing module 'rom' (25#1) [/root/tinyriscv_arty_100t_bram/tinyriscv_arty_100t_bram/tinyriscv_arty_100t_bram.srcs/sources_1/imports/rtl/perips/rom.v:20]
INFO: [Synth 8-6157] synthesizing module 'ram' [/root/tinyriscv_arty_100t_bram/tinyriscv_arty_100t_bram/tinyriscv_arty_100t_bram.srcs/sources_1/imports/rtl/perips/ram.v:20]
	Parameter DP bound to: 4096 - type: integer 
INFO: [Synth 8-6157] synthesizing module 'gen_ram__parameterized0' [/root/tinyriscv_arty_100t_bram/tinyriscv_arty_100t_bram/tinyriscv_arty_100t_bram.srcs/sources_1/imports/rtl/utils/gen_ram.v:20]
	Parameter DP bound to: 4096 - type: integer 
	Parameter DW bound to: 32 - type: integer 
	Parameter MW bound to: 4 - type: integer 
	Parameter AW bound to: 32 - type: integer 
INFO: [Synth 8-6155] done synthesizing module 'gen_ram__parameterized0' (25#1) [/root/tinyriscv_arty_100t_bram/tinyriscv_arty_100t_bram/tinyriscv_arty_100t_bram.srcs/sources_1/imports/rtl/utils/gen_ram.v:20]
INFO: [Synth 8-6155] done synthesizing module 'ram' (26#1) [/root/tinyriscv_arty_100t_bram/tinyriscv_arty_100t_bram/tinyriscv_arty_100t_bram.srcs/sources_1/imports/rtl/perips/ram.v:20]
INFO: [Synth 8-6157] synthesizing module 'timer' [/root/tinyriscv_arty_100t_bram/tinyriscv_arty_100t_bram/tinyriscv_arty_100t_bram.srcs/sources_1/imports/rtl/perips/timer.v:20]
	Parameter REG_CTRL bound to: 4'b0000 
	Parameter REG_COUNT bound to: 4'b0100 
	Parameter REG_VALUE bound to: 4'b1000 
INFO: [Synth 8-6155] done synthesizing module 'timer' (27#1) [/root/tinyriscv_arty_100t_bram/tinyriscv_arty_100t_bram/tinyriscv_arty_100t_bram.srcs/sources_1/imports/rtl/perips/timer.v:20]
INFO: [Synth 8-6157] synthesizing module 'uart' [/root/tinyriscv_arty_100t_bram/tinyriscv_arty_100t_bram/tinyriscv_arty_100t_bram.srcs/sources_1/imports/rtl/perips/uart.v:20]
	Parameter BAUD_115200 bound to: 434 - type: integer 
	Parameter S_IDLE bound to: 4'b0001 
	Parameter S_START bound to: 4'b0010 
	Parameter S_SEND_BYTE bound to: 4'b0100 
	Parameter S_STOP bound to: 4'b1000 
	Parameter UART_CTRL bound to: 8'b00000000 
	Parameter UART_STATUS bound to: 8'b00000100 
	Parameter UART_BAUD bound to: 8'b00001000 
	Parameter UART_TXDATA bound to: 8'b00001100 
	Parameter UART_RXDATA bound to: 8'b00010000 
INFO: [Synth 8-155] case statement is not full and has no default [/root/tinyriscv_arty_100t_bram/tinyriscv_arty_100t_bram/tinyriscv_arty_100t_bram.srcs/sources_1/imports/rtl/perips/uart.v:271]
INFO: [Synth 8-155] case statement is not full and has no default [/root/tinyriscv_arty_100t_bram/tinyriscv_arty_100t_bram/tinyriscv_arty_100t_bram.srcs/sources_1/imports/rtl/perips/uart.v:289]
INFO: [Synth 8-155] case statement is not full and has no default [/root/tinyriscv_arty_100t_bram/tinyriscv_arty_100t_bram/tinyriscv_arty_100t_bram.srcs/sources_1/imports/rtl/perips/uart.v:400]
INFO: [Synth 8-6155] done synthesizing module 'uart' (28#1) [/root/tinyriscv_arty_100t_bram/tinyriscv_arty_100t_bram/tinyriscv_arty_100t_bram.srcs/sources_1/imports/rtl/perips/uart.v:20]
INFO: [Synth 8-6157] synthesizing module 'gpio' [/root/tinyriscv_arty_100t_bram/tinyriscv_arty_100t_bram/tinyriscv_arty_100t_bram.srcs/sources_1/imports/rtl/perips/gpio.v:18]
	Parameter GPIO_CTRL bound to: 4'b0000 
	Parameter GPIO_DATA bound to: 4'b0100 
INFO: [Synth 8-6155] done synthesizing module 'gpio' (29#1) [/root/tinyriscv_arty_100t_bram/tinyriscv_arty_100t_bram/tinyriscv_arty_100t_bram.srcs/sources_1/imports/rtl/perips/gpio.v:18]
INFO: [Synth 8-6157] synthesizing module 'jtag_top' [/root/tinyriscv_arty_100t_bram/tinyriscv_arty_100t_bram/tinyriscv_arty_100t_bram.srcs/sources_1/imports/rtl/debug/jtag_top.v:20]
	Parameter DMI_ADDR_BITS bound to: 6 - type: integer 
	Parameter DMI_DATA_BITS bound to: 32 - type: integer 
	Parameter DMI_OP_BITS bound to: 2 - type: integer 
	Parameter DM_RESP_BITS bound to: 40 - type: integer 
	Parameter DTM_REQ_BITS bound to: 40 - type: integer 
INFO: [Synth 8-6157] synthesizing module 'jtag_driver' [/root/tinyriscv_arty_100t_bram/tinyriscv_arty_100t_bram/tinyriscv_arty_100t_bram.srcs/sources_1/imports/rtl/debug/jtag_driver.v:18]
	Parameter DMI_ADDR_BITS bound to: 6 - type: integer 
	Parameter DMI_DATA_BITS bound to: 32 - type: integer 
	Parameter DMI_OP_BITS bound to: 2 - type: integer 
	Parameter IDCODE_VERSION bound to: 4'b0001 
	Parameter IDCODE_PART_NUMBER bound to: 16'b1110001000000000 
	Parameter IDCODE_MANUFLD bound to: 11'b10100110111 
	Parameter DTM_VERSION bound to: 4'b0001 
	Parameter IR_BITS bound to: 5 - type: integer 
	Parameter DM_RESP_BITS bound to: 40 - type: integer 
	Parameter DTM_REQ_BITS bound to: 40 - type: integer 
	Parameter SHIFT_REG_BITS bound to: 40 - type: integer 
	Parameter TEST_LOGIC_RESET bound to: 4'b0000 
	Parameter RUN_TEST_IDLE bound to: 4'b0001 
	Parameter SELECT_DR bound to: 4'b0010 
	Parameter CAPTURE_DR bound to: 4'b0011 
	Parameter SHIFT_DR bound to: 4'b0100 
	Parameter EXIT1_DR bound to: 4'b0101 
	Parameter PAUSE_DR bound to: 4'b0110 
	Parameter EXIT2_DR bound to: 4'b0111 
	Parameter UPDATE_DR bound to: 4'b1000 
	Parameter SELECT_IR bound to: 4'b1001 
	Parameter CAPTURE_IR bound to: 4'b1010 
	Parameter SHIFT_IR bound to: 4'b1011 
	Parameter EXIT1_IR bound to: 4'b1100 
	Parameter PAUSE_IR bound to: 4'b1101 
	Parameter EXIT2_IR bound to: 4'b1110 
	Parameter UPDATE_IR bound to: 4'b1111 
	Parameter REG_BYPASS bound to: 5'b11111 
	Parameter REG_IDCODE bound to: 5'b00001 
	Parameter REG_DMI bound to: 5'b10001 
	Parameter REG_DTMCS bound to: 5'b10000 
INFO: [Synth 8-155] case statement is not full and has no default [/root/tinyriscv_arty_100t_bram/tinyriscv_arty_100t_bram/tinyriscv_arty_100t_bram.srcs/sources_1/imports/rtl/debug/jtag_driver.v:157]
INFO: [Synth 8-6157] synthesizing module 'full_handshake_tx' [/root/tinyriscv_arty_100t_bram/tinyriscv_arty_100t_bram/tinyriscv_arty_100t_bram.srcs/sources_1/imports/rtl/utils/full_handshake_tx.v:23]
	Parameter DW bound to: 40 - type: integer 
	Parameter STATE_IDLE bound to: 3'b001 
	Parameter STATE_ASSERT bound to: 3'b010 
	Parameter STATE_DEASSERT bound to: 3'b100 
INFO: [Synth 8-155] case statement is not full and has no default [/root/tinyriscv_arty_100t_bram/tinyriscv_arty_100t_bram/tinyriscv_arty_100t_bram.srcs/sources_1/imports/rtl/utils/full_handshake_tx.v:115]
INFO: [Synth 8-6155] done synthesizing module 'full_handshake_tx' (30#1) [/root/tinyriscv_arty_100t_bram/tinyriscv_arty_100t_bram/tinyriscv_arty_100t_bram.srcs/sources_1/imports/rtl/utils/full_handshake_tx.v:23]
INFO: [Synth 8-6157] synthesizing module 'full_handshake_rx' [/root/tinyriscv_arty_100t_bram/tinyriscv_arty_100t_bram/tinyriscv_arty_100t_bram.srcs/sources_1/imports/rtl/utils/full_handshake_rx.v:23]
	Parameter DW bound to: 40 - type: integer 
	Parameter STATE_IDLE bound to: 2'b01 
	Parameter STATE_DEASSERT bound to: 2'b10 
INFO: [Synth 8-155] case statement is not full and has no default [/root/tinyriscv_arty_100t_bram/tinyriscv_arty_100t_bram/tinyriscv_arty_100t_bram.srcs/sources_1/imports/rtl/utils/full_handshake_rx.v:104]
INFO: [Synth 8-6155] done synthesizing module 'full_handshake_rx' (31#1) [/root/tinyriscv_arty_100t_bram/tinyriscv_arty_100t_bram/tinyriscv_arty_100t_bram.srcs/sources_1/imports/rtl/utils/full_handshake_rx.v:23]
INFO: [Synth 8-6155] done synthesizing module 'jtag_driver' (32#1) [/root/tinyriscv_arty_100t_bram/tinyriscv_arty_100t_bram/tinyriscv_arty_100t_bram.srcs/sources_1/imports/rtl/debug/jtag_driver.v:18]
INFO: [Synth 8-6157] synthesizing module 'jtag_dm' [/root/tinyriscv_arty_100t_bram/tinyriscv_arty_100t_bram/tinyriscv_arty_100t_bram.srcs/sources_1/imports/rtl/debug/jtag_dm.v:22]
	Parameter DMI_ADDR_BITS bound to: 6 - type: integer 
	Parameter DMI_DATA_BITS bound to: 32 - type: integer 
	Parameter DMI_OP_BITS bound to: 2 - type: integer 
	Parameter DM_RESP_BITS bound to: 40 - type: integer 
	Parameter DTM_REQ_BITS bound to: 40 - type: integer 
	Parameter SHIFT_REG_BITS bound to: 40 - type: integer 
	Parameter DCSR bound to: 16'b0000011110110000 
	Parameter DMSTATUS bound to: 6'b010001 
	Parameter DMCONTROL bound to: 6'b010000 
	Parameter HARTINFO bound to: 6'b010010 
	Parameter ABSTRACTCS bound to: 6'b010110 
	Parameter DATA0 bound to: 6'b000100 
	Parameter SBCS bound to: 6'b111000 
	Parameter SBADDRESS0 bound to: 6'b111001 
	Parameter SBDATA0 bound to: 6'b111100 
	Parameter COMMAND bound to: 6'b010111 
	Parameter DPC bound to: 16'b0000011110110001 
	Parameter OP_SUCC bound to: 2'b00 
	Parameter STATE_IDLE bound to: 3'b001 
	Parameter STATE_EXE bound to: 3'b010 
	Parameter STATE_END bound to: 3'b100 
INFO: [Synth 8-155] case statement is not full and has no default [/root/tinyriscv_arty_100t_bram/tinyriscv_arty_100t_bram/tinyriscv_arty_100t_bram.srcs/sources_1/imports/rtl/debug/jtag_dm.v:232]
INFO: [Synth 8-155] case statement is not full and has no default [/root/tinyriscv_arty_100t_bram/tinyriscv_arty_100t_bram/tinyriscv_arty_100t_bram.srcs/sources_1/imports/rtl/debug/jtag_dm.v:189]
INFO: [Synth 8-155] case statement is not full and has no default [/root/tinyriscv_arty_100t_bram/tinyriscv_arty_100t_bram/tinyriscv_arty_100t_bram.srcs/sources_1/imports/rtl/debug/jtag_dm.v:178]
INFO: [Synth 8-6155] done synthesizing module 'jtag_dm' (33#1) [/root/tinyriscv_arty_100t_bram/tinyriscv_arty_100t_bram/tinyriscv_arty_100t_bram.srcs/sources_1/imports/rtl/debug/jtag_dm.v:22]
INFO: [Synth 8-6155] done synthesizing module 'jtag_top' (34#1) [/root/tinyriscv_arty_100t_bram/tinyriscv_arty_100t_bram/tinyriscv_arty_100t_bram.srcs/sources_1/imports/rtl/debug/jtag_top.v:20]
INFO: [Synth 8-6157] synthesizing module 'rib' [/root/tinyriscv_arty_100t_bram/tinyriscv_arty_100t_bram/tinyriscv_arty_100t_bram.srcs/sources_1/imports/rtl/sys_bus/rib.v:19]
	Parameter MASTER_NUM bound to: 3 - type: integer 
	Parameter SLAVE_NUM bound to: 5 - type: integer 
INFO: [Synth 8-6155] done synthesizing module 'rib' (35#1) [/root/tinyriscv_arty_100t_bram/tinyriscv_arty_100t_bram/tinyriscv_arty_100t_bram.srcs/sources_1/imports/rtl/sys_bus/rib.v:19]
INFO: [Synth 8-6155] done synthesizing module 'tinyriscv_soc_top' (36#1) [/root/tinyriscv_arty_100t_bram/tinyriscv_arty_100t_bram/tinyriscv_arty_100t_bram.srcs/sources_1/imports/rtl/top/tinyriscv_soc_top.v:20]
---------------------------------------------------------------------------------
Finished RTL Elaboration : Time (s): cpu = 00:00:03 ; elapsed = 00:00:03 . Memory (MB): peak = 2339.512 ; gain = 0.000 ; free physical = 16804 ; free virtual = 24587
---------------------------------------------------------------------------------
---------------------------------------------------------------------------------
Start Handling Custom Attributes
---------------------------------------------------------------------------------
---------------------------------------------------------------------------------
Finished Handling Custom Attributes : Time (s): cpu = 00:00:03 ; elapsed = 00:00:04 . Memory (MB): peak = 2339.512 ; gain = 0.000 ; free physical = 16867 ; free virtual = 24651
---------------------------------------------------------------------------------
---------------------------------------------------------------------------------
Finished RTL Optimization Phase 1 : Time (s): cpu = 00:00:03 ; elapsed = 00:00:04 . Memory (MB): peak = 2339.512 ; gain = 0.000 ; free physical = 16867 ; free virtual = 24651
---------------------------------------------------------------------------------
Netlist sorting complete. Time (s): cpu = 00:00:00.05 ; elapsed = 00:00:00.05 . Memory (MB): peak = 2339.512 ; gain = 0.000 ; free physical = 16858 ; free virtual = 24641
INFO: [Project 1-570] Preparing netlist for logic optimization

Processing XDC Constraints
Initializing timing engine
Parsing XDC File [/root/tinyriscv_arty_100t_bram/tinyriscv_arty_100t_bram/tinyriscv_arty_100t_bram.gen/sources_1/ip/clk_wiz_0/clk_wiz_0/clk_wiz_0_in_context.xdc] for cell 'clk_100M_to_50M'
Finished Parsing XDC File [/root/tinyriscv_arty_100t_bram/tinyriscv_arty_100t_bram/tinyriscv_arty_100t_bram.gen/sources_1/ip/clk_wiz_0/clk_wiz_0/clk_wiz_0_in_context.xdc] for cell 'clk_100M_to_50M'
Parsing XDC File [/root/tinyriscv_arty_100t_bram/tinyriscv_arty_100t_bram/tinyriscv_arty_100t_bram.srcs/constrs_1/imports/constrs/tinyriscv.xdc]
WARNING: [Vivado 12-507] No nets matched 'jtag_TCK_IBUF'. [/root/tinyriscv_arty_100t_bram/tinyriscv_arty_100t_bram/tinyriscv_arty_100t_bram.srcs/constrs_1/imports/constrs/tinyriscv.xdc:44]
Finished Parsing XDC File [/root/tinyriscv_arty_100t_bram/tinyriscv_arty_100t_bram/tinyriscv_arty_100t_bram.srcs/constrs_1/imports/constrs/tinyriscv.xdc]
WARNING: [Project 1-498] One or more constraints failed evaluation while reading constraint file [/root/tinyriscv_arty_100t_bram/tinyriscv_arty_100t_bram/tinyriscv_arty_100t_bram.srcs/constrs_1/imports/constrs/tinyriscv.xdc] and the design contains unresolved black boxes. These constraints will be read post-synthesis (as long as their source constraint file is marked as used_in_implementation) and should be applied correctly then. You should review the constraints listed in the file [.Xil/tinyriscv_soc_top_propImpl.xdc] and check the run log file to verify that these constraints were correctly applied.
INFO: [Project 1-236] Implementation specific constraints were found while reading constraint file [/root/tinyriscv_arty_100t_bram/tinyriscv_arty_100t_bram/tinyriscv_arty_100t_bram.srcs/constrs_1/imports/constrs/tinyriscv.xdc]. These constraints will be ignored for synthesis but will be used in implementation. Impacted constraints are listed in the file [.Xil/tinyriscv_soc_top_propImpl.xdc].
Resolution: To avoid this warning, move constraints listed in [.Xil/tinyriscv_soc_top_propImpl.xdc] to another XDC file and exclude this new file from synthesis with the used_in_synthesis property (File Properties dialog in GUI) and re-run elaboration/synthesis.
Parsing XDC File [/root/tinyriscv_arty_100t_bram/tinyriscv_arty_100t_bram/tinyriscv_arty_100t_bram.runs/synth_1/dont_touch.xdc]
Finished Parsing XDC File [/root/tinyriscv_arty_100t_bram/tinyriscv_arty_100t_bram/tinyriscv_arty_100t_bram.runs/synth_1/dont_touch.xdc]
Completed Processing XDC Constraints

Netlist sorting complete. Time (s): cpu = 00:00:00 ; elapsed = 00:00:00.01 . Memory (MB): peak = 2406.457 ; gain = 0.000 ; free physical = 16660 ; free virtual = 24443
INFO: [Project 1-111] Unisim Transformation Summary:
No Unisim elements were transformed.

Constraint Validation Runtime : Time (s): cpu = 00:00:00.01 ; elapsed = 00:00:00.01 . Memory (MB): peak = 2406.457 ; gain = 0.000 ; free physical = 16660 ; free virtual = 24443
---------------------------------------------------------------------------------
Finished Constraint Validation : Time (s): cpu = 00:00:07 ; elapsed = 00:00:08 . Memory (MB): peak = 2406.457 ; gain = 66.945 ; free physical = 16823 ; free virtual = 24606
---------------------------------------------------------------------------------
---------------------------------------------------------------------------------
Start Loading Part and Timing Information
---------------------------------------------------------------------------------
Loading part: xc7a100tcsg324-1
---------------------------------------------------------------------------------
Finished Loading Part and Timing Information : Time (s): cpu = 00:00:07 ; elapsed = 00:00:08 . Memory (MB): peak = 2406.457 ; gain = 66.945 ; free physical = 16823 ; free virtual = 24606
---------------------------------------------------------------------------------
---------------------------------------------------------------------------------
Start Applying 'set_property' XDC Constraints
---------------------------------------------------------------------------------
Applied set_property IO_BUFFER_TYPE = NONE for clk_100M. (constraint file  /root/tinyriscv_arty_100t_bram/tinyriscv_arty_100t_bram/tinyriscv_arty_100t_bram.gen/sources_1/ip/clk_wiz_0/clk_wiz_0/clk_wiz_0_in_context.xdc, line 3).
Applied set_property CLOCK_BUFFER_TYPE = NONE for clk_100M. (constraint file  /root/tinyriscv_arty_100t_bram/tinyriscv_arty_100t_bram/tinyriscv_arty_100t_bram.gen/sources_1/ip/clk_wiz_0/clk_wiz_0/clk_wiz_0_in_context.xdc, line 4).
Applied set_property KEEP_HIERARCHY = SOFT for clk_100M_to_50M. (constraint file  auto generated constraint).
---------------------------------------------------------------------------------
Finished applying 'set_property' XDC Constraints : Time (s): cpu = 00:00:07 ; elapsed = 00:00:08 . Memory (MB): peak = 2406.457 ; gain = 66.945 ; free physical = 16823 ; free virtual = 24606
---------------------------------------------------------------------------------
INFO: [Synth 8-802] inferred FSM for state register 'state_reg' in module 'divider'
INFO: [Synth 8-802] inferred FSM for state register 'csr_state_reg' in module 'clint'
INFO: [Synth 8-802] inferred FSM for state register 'state_reg' in module 'uart'
INFO: [Synth 8-802] inferred FSM for state register 'state_reg' in module 'full_handshake_tx'
INFO: [Synth 8-802] inferred FSM for state register 'state_reg' in module 'full_handshake_rx'
INFO: [Synth 8-802] inferred FSM for state register 'jtag_state_reg' in module 'jtag_driver'
INFO: [Synth 8-802] inferred FSM for state register 'state_reg' in module 'jtag_dm'
---------------------------------------------------------------------------------------------------
                   State |                     New Encoding |                Previous Encoding 
---------------------------------------------------------------------------------------------------
*
              STATE_IDLE |                             0001 |                             0001
             STATE_START |                             0010 |                             0010
              STATE_CALC |                             0100 |                             0100
               STATE_END |                             1000 |                             1000
---------------------------------------------------------------------------------------------------
INFO: [Synth 8-3898] No Re-encoding of one hot register 'state_reg' in module 'divider'
---------------------------------------------------------------------------------------------------
                   State |                     New Encoding |                Previous Encoding 
---------------------------------------------------------------------------------------------------
*
              S_CSR_IDLE |                            00001 |                            00001
              S_CSR_MEPC |                            00100 |                            00100
           S_CSR_MSTATUS |                            00010 |                            00010
            S_CSR_MCAUSE |                            10000 |                            10000
      S_CSR_MSTATUS_MRET |                            01000 |                            01000
---------------------------------------------------------------------------------------------------
INFO: [Synth 8-3898] No Re-encoding of one hot register 'csr_state_reg' in module 'clint'
WARNING: [Synth 8-6841] Block RAM (sel_width[1].i_lt_8.ram_reg) originally specified as a Byte Wide Write Enable RAM cannot take advantage of ByteWide feature and is implemented with single write enable per RAM due to following reason.
(address width (13) is more than optimal threshold of 12. Implementing using BWWE will require more logic and timing would be suboptimal. Please use attribute ram_decomp = power if BWWE is desired.)
---------------------------------------------------------------------------------------------------
                   State |                     New Encoding |                Previous Encoding 
---------------------------------------------------------------------------------------------------
*
                  S_IDLE |                             0001 |                             0001
                 S_START |                             0010 |                             0010
             S_SEND_BYTE |                             0100 |                             0100
                  S_STOP |                             1000 |                             1000
---------------------------------------------------------------------------------------------------
INFO: [Synth 8-3898] No Re-encoding of one hot register 'state_reg' in module 'uart'
---------------------------------------------------------------------------------------------------
                   State |                     New Encoding |                Previous Encoding 
---------------------------------------------------------------------------------------------------
*
              STATE_IDLE |                              001 |                              001
            STATE_ASSERT |                              010 |                              010
          STATE_DEASSERT |                              100 |                              100
---------------------------------------------------------------------------------------------------
INFO: [Synth 8-3898] No Re-encoding of one hot register 'state_reg' in module 'full_handshake_tx'
---------------------------------------------------------------------------------------------------
                   State |                     New Encoding |                Previous Encoding 
---------------------------------------------------------------------------------------------------
*
              STATE_IDLE |                               01 |                               01
          STATE_DEASSERT |                               10 |                               10
---------------------------------------------------------------------------------------------------
INFO: [Synth 8-3898] No Re-encoding of one hot register 'state_reg' in module 'full_handshake_rx'
---------------------------------------------------------------------------------------------------
                   State |                     New Encoding |                Previous Encoding 
---------------------------------------------------------------------------------------------------
        TEST_LOGIC_RESET |                 0000000000000001 |                             0000
           RUN_TEST_IDLE |                 0000000000000010 |                             0001
               SELECT_DR |                 0000000000000100 |                             0010
               SELECT_IR |                 0000000000001000 |                             1001
              CAPTURE_IR |                 0000000000010000 |                             1010
                SHIFT_IR |                 0000000000100000 |                             1011
                EXIT1_IR |                 0000000001000000 |                             1100
                PAUSE_IR |                 0000000010000000 |                             1101
                EXIT2_IR |                 0000000100000000 |                             1110
               UPDATE_IR |                 0000001000000000 |                             1111
              CAPTURE_DR |                 0000010000000000 |                             0011
                SHIFT_DR |                 0000100000000000 |                             0100
                EXIT1_DR |                 0001000000000000 |                             0101
                PAUSE_DR |                 0010000000000000 |                             0110
                EXIT2_DR |                 0100000000000000 |                             0111
               UPDATE_DR |                 1000000000000000 |                             1000
---------------------------------------------------------------------------------------------------
INFO: [Synth 8-3354] encoded FSM with state register 'jtag_state_reg' using encoding 'one-hot' in module 'jtag_driver'
---------------------------------------------------------------------------------------------------
                   State |                     New Encoding |                Previous Encoding 
---------------------------------------------------------------------------------------------------
*
              STATE_IDLE |                              001 |                              001
               STATE_EXE |                              010 |                              010
               STATE_END |                              100 |                              100
---------------------------------------------------------------------------------------------------
INFO: [Synth 8-3898] No Re-encoding of one hot register 'state_reg' in module 'jtag_dm'
---------------------------------------------------------------------------------
Finished RTL Optimization Phase 2 : Time (s): cpu = 00:00:08 ; elapsed = 00:00:09 . Memory (MB): peak = 2406.457 ; gain = 66.945 ; free physical = 16809 ; free virtual = 24593
---------------------------------------------------------------------------------
---------------------------------------------------------------------------------
Start RTL Component Statistics 
---------------------------------------------------------------------------------
Detailed RTL Component Info : 
+---Adders : 
	   2 Input   64 Bit       Adders := 1     
	   2 Input   32 Bit       Adders := 9     
	   3 Input   32 Bit       Adders := 2     
	   2 Input   16 Bit       Adders := 2     
	   2 Input    4 Bit       Adders := 2     
+---XORs : 
	   2 Input     32 Bit         XORs := 1     
	   2 Input      1 Bit         XORs := 2     
+---Registers : 
	               40 Bit    Registers := 8     
	               32 Bit    Registers := 86    
	               19 Bit    Registers := 1     
	               16 Bit    Registers := 3     
	               13 Bit    Registers := 1     
	               12 Bit    Registers := 1     
	                8 Bit    Registers := 1     
	                5 Bit    Registers := 3     
	                4 Bit    Registers := 3     
	                1 Bit    Registers := 53    
+---RAMs : 
	             256K Bit	(8192 X 32 bit)          RAMs := 1     
	             128K Bit	(4096 X 32 bit)          RAMs := 1     
+---Muxes : 
	   4 Input   40 Bit        Muxes := 4     
	   3 Input   40 Bit        Muxes := 3     
	   2 Input   40 Bit        Muxes := 1     
	   2 Input   32 Bit        Muxes := 86    
	   9 Input   32 Bit        Muxes := 1     
	   3 Input   32 Bit        Muxes := 4     
	   5 Input   32 Bit        Muxes := 8     
	   4 Input   32 Bit        Muxes := 6     
	   7 Input   32 Bit        Muxes := 2     
	   8 Input   32 Bit        Muxes := 1     
	   2 Input   31 Bit        Muxes := 1     
	   2 Input   19 Bit        Muxes := 1     
	   2 Input   16 Bit        Muxes := 21    
	  16 Input   16 Bit        Muxes := 1     
	   2 Input   12 Bit        Muxes := 2     
	   3 Input   12 Bit        Muxes := 1     
	   5 Input   12 Bit        Muxes := 1     
	   5 Input   10 Bit        Muxes := 1     
	   2 Input    8 Bit        Muxes := 3     
	   5 Input    8 Bit        Muxes := 1     
	   2 Input    5 Bit        Muxes := 4     
	   6 Input    5 Bit        Muxes := 1     
	   4 Input    5 Bit        Muxes := 1     
	   2 Input    4 Bit        Muxes := 9     
	   9 Input    4 Bit        Muxes := 1     
	   5 Input    4 Bit        Muxes := 2     
	   4 Input    4 Bit        Muxes := 2     
	   3 Input    4 Bit        Muxes := 1     
	   2 Input    3 Bit        Muxes := 9     
	   4 Input    3 Bit        Muxes := 3     
	   8 Input    3 Bit        Muxes := 1     
	   2 Input    2 Bit        Muxes := 8     
	   3 Input    2 Bit        Muxes := 2     
	   5 Input    2 Bit        Muxes := 2     
	   7 Input    1 Bit        Muxes := 19    
	   2 Input    1 Bit        Muxes := 49    
	   5 Input    1 Bit        Muxes := 12    
	   4 Input    1 Bit        Muxes := 55    
	   6 Input    1 Bit        Muxes := 2     
	   3 Input    1 Bit        Muxes := 11    
	   8 Input    1 Bit        Muxes := 2     
	  10 Input    1 Bit        Muxes := 1     
	  11 Input    1 Bit        Muxes := 1     
---------------------------------------------------------------------------------
Finished RTL Component Statistics 
---------------------------------------------------------------------------------
---------------------------------------------------------------------------------
Start Part Resource Summary
---------------------------------------------------------------------------------
Part Resources:
DSPs: 240 (col length:80)
BRAMs: 270 (col length: RAMB18 80 RAMB36 40)
---------------------------------------------------------------------------------
Finished Part Resource Summary
---------------------------------------------------------------------------------
---------------------------------------------------------------------------------
Start Cross Boundary and Area Optimization
---------------------------------------------------------------------------------
DSP Report: Generating DSP mul_res_tmp, operation Mode is: A*B.
DSP Report: operator mul_res_tmp is absorbed into DSP mul_res_tmp.
DSP Report: operator mul_res_tmp is absorbed into DSP mul_res_tmp.
DSP Report: Generating DSP mul_res_tmp, operation Mode is: (PCIN>>17)+A*B.
DSP Report: operator mul_res_tmp is absorbed into DSP mul_res_tmp.
DSP Report: operator mul_res_tmp is absorbed into DSP mul_res_tmp.
DSP Report: Generating DSP mul_res_tmp, operation Mode is: A*B.
DSP Report: operator mul_res_tmp is absorbed into DSP mul_res_tmp.
DSP Report: operator mul_res_tmp is absorbed into DSP mul_res_tmp.
DSP Report: Generating DSP mul_res_tmp, operation Mode is: (PCIN>>17)+A*B.
DSP Report: operator mul_res_tmp is absorbed into DSP mul_res_tmp.
DSP Report: operator mul_res_tmp is absorbed into DSP mul_res_tmp.
RAM Pipeline Warning: Read Address Register Found For RAM u_gen_ram/sel_width[1].i_lt_8.ram_reg. We will not be able to pipeline it. This may degrade performance. 
RAM Pipeline Warning: Read Address Register Found For RAM u_gen_ram/sel_width[1].i_lt_8.ram_reg. We will not be able to pipeline it. This may degrade performance. 
WARNING: [Synth 8-6841] Block RAM (u_gen_ram/sel_width[1].i_lt_8.ram_reg) originally specified as a Byte Wide Write Enable RAM cannot take advantage of ByteWide feature and is implemented with single write enable per RAM due to following reason.
(address width (13) is more than optimal threshold of 12. Implementing using BWWE will require more logic and timing would be suboptimal. Please use attribute ram_decomp = power if BWWE is desired.)
RAM Pipeline Warning: Read Address Register Found For RAM u_gen_ram/sel_width[1].i_lt_8.ram_reg. We will not be able to pipeline it. This may degrade performance. 
RAM Pipeline Warning: Read Address Register Found For RAM u_gen_ram/sel_width[1].i_lt_8.ram_reg. We will not be able to pipeline it. This may degrade performance. 
RAM Pipeline Warning: Read Address Register Found For RAM u_gen_ram/sel_width[1].i_lt_8.ram_reg. We will not be able to pipeline it. This may degrade performance. 
RAM Pipeline Warning: Read Address Register Found For RAM u_gen_ram/sel_width[1].i_lt_8.ram_reg. We will not be able to pipeline it. This may degrade performance. 
---------------------------------------------------------------------------------
Finished Cross Boundary and Area Optimization : Time (s): cpu = 00:00:35 ; elapsed = 00:00:36 . Memory (MB): peak = 2406.457 ; gain = 66.945 ; free physical = 16770 ; free virtual = 24562
---------------------------------------------------------------------------------
---------------------------------------------------------------------------------
Start ROM, RAM, DSP, Shift Register and Retiming Reporting
---------------------------------------------------------------------------------

Block RAM: Preliminary Mapping	Report (see note below)
+------------+---------------------------------------+------------------------+---+---+------------------------+---+---+------------------+--------+--------+
|Module Name | RTL Object                            | PORT A (Depth x Width) | W | R | PORT B (Depth x Width) | W | R | Ports driving FF | RAMB18 | RAMB36 | 
+------------+---------------------------------------+------------------------+---+---+------------------------+---+---+------------------+--------+--------+
|u_rom       | u_gen_ram/sel_width[1].i_lt_8.ram_reg | 8 K x 32(READ_FIRST)   | W |   | 8 K x 32(WRITE_FIRST)  |   | R | Port A and B     | 0      | 8      | 
|u_ram       | u_gen_ram/sel_width[1].i_lt_8.ram_reg | 4 K x 32(READ_FIRST)   | W |   | 4 K x 32(WRITE_FIRST)  |   | R | Port A and B     | 0      | 4      | 
+------------+---------------------------------------+------------------------+---+---+------------------------+---+---+------------------+--------+--------+

Note: The table above is a preliminary report that shows the Block RAMs at the current stage of the synthesis flow. Some Block RAMs may be reimplemented as non Block RAM primitives later in the synthesis flow. Multiple instantiated Block RAMs are reported only once. 

DSP: Preliminary Mapping	Report (see note below)
+------------+----------------+--------+--------+--------+--------+--------+------+------+------+------+-------+------+------+
|Module Name | DSP Mapping    | A Size | B Size | C Size | D Size | P Size | AREG | BREG | CREG | DREG | ADREG | MREG | PREG | 
+------------+----------------+--------+--------+--------+--------+--------+------+------+------+------+-------+------+------+
|exu_muldiv  | A*B            | 18     | 16     | -      | -      | 48     | 0    | 0    | -    | -    | -     | 0    | 0    | 
|exu_muldiv  | (PCIN>>17)+A*B | 16     | 16     | -      | -      | 30     | 0    | 0    | -    | -    | -     | 0    | 0    | 
|exu_muldiv  | A*B            | 18     | 18     | -      | -      | 48     | 0    | 0    | -    | -    | -     | 0    | 0    | 
|exu_muldiv  | (PCIN>>17)+A*B | 18     | 16     | -      | -      | 47     | 0    | 0    | -    | -    | -     | 0    | 0    | 
+------------+----------------+--------+--------+--------+--------+--------+------+------+------+------+-------+------+------+

Note: The table above is a preliminary report that shows the DSPs inferred at the current stage of the synthesis flow. Some DSP may be reimplemented as non DSP primitives later in the synthesis flow. Multiple instantiated DSPs are reported only once.
---------------------------------------------------------------------------------
Finished ROM, RAM, DSP, Shift Register and Retiming Reporting
---------------------------------------------------------------------------------
---------------------------------------------------------------------------------
Start Applying XDC Timing Constraints
---------------------------------------------------------------------------------
---------------------------------------------------------------------------------
Finished Applying XDC Timing Constraints : Time (s): cpu = 00:00:39 ; elapsed = 00:00:40 . Memory (MB): peak = 2406.457 ; gain = 66.945 ; free physical = 16629 ; free virtual = 24422
---------------------------------------------------------------------------------
---------------------------------------------------------------------------------
Start Timing Optimization
---------------------------------------------------------------------------------
---------------------------------------------------------------------------------
Finished Timing Optimization : Time (s): cpu = 00:00:54 ; elapsed = 00:00:55 . Memory (MB): peak = 2544.621 ; gain = 205.109 ; free physical = 16528 ; free virtual = 24321
---------------------------------------------------------------------------------
---------------------------------------------------------------------------------
Start ROM, RAM, DSP, Shift Register and Retiming Reporting
---------------------------------------------------------------------------------

Block RAM: Final Mapping	Report
+------------+---------------------------------------+------------------------+---+---+------------------------+---+---+------------------+--------+--------+
|Module Name | RTL Object                            | PORT A (Depth x Width) | W | R | PORT B (Depth x Width) | W | R | Ports driving FF | RAMB18 | RAMB36 | 
+------------+---------------------------------------+------------------------+---+---+------------------------+---+---+------------------+--------+--------+
|u_rom       | u_gen_ram/sel_width[1].i_lt_8.ram_reg | 8 K x 32(READ_FIRST)   | W |   | 8 K x 32(WRITE_FIRST)  |   | R | Port A and B     | 0      | 8      | 
|u_ram       | u_gen_ram/sel_width[1].i_lt_8.ram_reg | 4 K x 32(READ_FIRST)   | W |   | 4 K x 32(WRITE_FIRST)  |   | R | Port A and B     | 0      | 4      | 
+------------+---------------------------------------+------------------------+---+---+------------------------+---+---+------------------+--------+--------+

---------------------------------------------------------------------------------
Finished ROM, RAM, DSP, Shift Register and Retiming Reporting
---------------------------------------------------------------------------------
---------------------------------------------------------------------------------
Start Technology Mapping
---------------------------------------------------------------------------------
INFO: [Synth 8-7052] The timing for the instance u_rom/u_gen_ram/sel_width[1].i_lt_8.ram_reg_0_0 (implemented as a Block RAM) might be sub-optimal as no optional output register could be merged into the ram block. Providing additional output register may help in improving timing.
INFO: [Synth 8-7052] The timing for the instance u_rom/u_gen_ram/sel_width[1].i_lt_8.ram_reg_0_1 (implemented as a Block RAM) might be sub-optimal as no optional output register could be merged into the ram block. Providing additional output register may help in improving timing.
INFO: [Synth 8-7052] The timing for the instance u_rom/u_gen_ram/sel_width[1].i_lt_8.ram_reg_1_0 (implemented as a Block RAM) might be sub-optimal as no optional output register could be merged into the ram block. Providing additional output register may help in improving timing.
INFO: [Synth 8-7052] The timing for the instance u_rom/u_gen_ram/sel_width[1].i_lt_8.ram_reg_1_1 (implemented as a Block RAM) might be sub-optimal as no optional output register could be merged into the ram block. Providing additional output register may help in improving timing.
INFO: [Synth 8-7052] The timing for the instance u_rom/u_gen_ram/sel_width[1].i_lt_8.ram_reg_2_0 (implemented as a Block RAM) might be sub-optimal as no optional output register could be merged into the ram block. Providing additional output register may help in improving timing.
INFO: [Synth 8-7052] The timing for the instance u_rom/u_gen_ram/sel_width[1].i_lt_8.ram_reg_2_1 (implemented as a Block RAM) might be sub-optimal as no optional output register could be merged into the ram block. Providing additional output register may help in improving timing.
INFO: [Synth 8-7052] The timing for the instance u_rom/u_gen_ram/sel_width[1].i_lt_8.ram_reg_3_0 (implemented as a Block RAM) might be sub-optimal as no optional output register could be merged into the ram block. Providing additional output register may help in improving timing.
INFO: [Synth 8-7052] The timing for the instance u_rom/u_gen_ram/sel_width[1].i_lt_8.ram_reg_3_1 (implemented as a Block RAM) might be sub-optimal as no optional output register could be merged into the ram block. Providing additional output register may help in improving timing.
INFO: [Synth 8-7052] The timing for the instance u_ram/u_gen_ram/sel_width[1].i_lt_8.ram_reg_0 (implemented as a Block RAM) might be sub-optimal as no optional output register could be merged into the ram block. Providing additional output register may help in improving timing.
INFO: [Synth 8-7052] The timing for the instance u_ram/u_gen_ram/sel_width[1].i_lt_8.ram_reg_1 (implemented as a Block RAM) might be sub-optimal as no optional output register could be merged into the ram block. Providing additional output register may help in improving timing.
INFO: [Synth 8-7052] The timing for the instance u_ram/u_gen_ram/sel_width[1].i_lt_8.ram_reg_2 (implemented as a Block RAM) might be sub-optimal as no optional output register could be merged into the ram block. Providing additional output register may help in improving timing.
INFO: [Synth 8-7052] The timing for the instance u_ram/u_gen_ram/sel_width[1].i_lt_8.ram_reg_3 (implemented as a Block RAM) might be sub-optimal as no optional output register could be merged into the ram block. Providing additional output register may help in improving timing.
---------------------------------------------------------------------------------
Finished Technology Mapping : Time (s): cpu = 00:00:57 ; elapsed = 00:00:59 . Memory (MB): peak = 2563.629 ; gain = 224.117 ; free physical = 16512 ; free virtual = 24305
---------------------------------------------------------------------------------
---------------------------------------------------------------------------------
Start IO Insertion
---------------------------------------------------------------------------------
---------------------------------------------------------------------------------
Start Flattening Before IO Insertion
---------------------------------------------------------------------------------
---------------------------------------------------------------------------------
Finished Flattening Before IO Insertion
---------------------------------------------------------------------------------
---------------------------------------------------------------------------------
Start Final Netlist Cleanup
---------------------------------------------------------------------------------
---------------------------------------------------------------------------------
Finished Final Netlist Cleanup
---------------------------------------------------------------------------------
---------------------------------------------------------------------------------
Finished IO Insertion : Time (s): cpu = 00:00:59 ; elapsed = 00:01:01 . Memory (MB): peak = 2563.629 ; gain = 224.117 ; free physical = 16512 ; free virtual = 24305
---------------------------------------------------------------------------------
---------------------------------------------------------------------------------
Start Renaming Generated Instances
---------------------------------------------------------------------------------
---------------------------------------------------------------------------------
Finished Renaming Generated Instances : Time (s): cpu = 00:00:59 ; elapsed = 00:01:01 . Memory (MB): peak = 2563.629 ; gain = 224.117 ; free physical = 16512 ; free virtual = 24305
---------------------------------------------------------------------------------
---------------------------------------------------------------------------------
Start Rebuilding User Hierarchy
---------------------------------------------------------------------------------
---------------------------------------------------------------------------------
Finished Rebuilding User Hierarchy : Time (s): cpu = 00:00:59 ; elapsed = 00:01:01 . Memory (MB): peak = 2563.629 ; gain = 224.117 ; free physical = 16513 ; free virtual = 24306
---------------------------------------------------------------------------------
---------------------------------------------------------------------------------
Start Renaming Generated Ports
---------------------------------------------------------------------------------
---------------------------------------------------------------------------------
Finished Renaming Generated Ports : Time (s): cpu = 00:00:59 ; elapsed = 00:01:01 . Memory (MB): peak = 2563.629 ; gain = 224.117 ; free physical = 16513 ; free virtual = 24306
---------------------------------------------------------------------------------
---------------------------------------------------------------------------------
Start Handling Custom Attributes
---------------------------------------------------------------------------------
---------------------------------------------------------------------------------
Finished Handling Custom Attributes : Time (s): cpu = 00:00:59 ; elapsed = 00:01:01 . Memory (MB): peak = 2563.629 ; gain = 224.117 ; free physical = 16513 ; free virtual = 24306
---------------------------------------------------------------------------------
---------------------------------------------------------------------------------
Start Renaming Generated Nets
---------------------------------------------------------------------------------
---------------------------------------------------------------------------------
Finished Renaming Generated Nets : Time (s): cpu = 00:00:59 ; elapsed = 00:01:01 . Memory (MB): peak = 2563.629 ; gain = 224.117 ; free physical = 16513 ; free virtual = 24306
---------------------------------------------------------------------------------
---------------------------------------------------------------------------------
Start Writing Synthesis Report
---------------------------------------------------------------------------------

Report BlackBoxes: 
+------+--------------+----------+
|      |BlackBox name |Instances |
+------+--------------+----------+
|1     |clk_wiz_0     |         1|
+------+--------------+----------+

Report Cell Usage: 
+------+---------+------+
|      |Cell     |Count |
+------+---------+------+
|1     |clk_wiz  |     1|
|2     |BUFG     |     1|
|3     |CARRY4   |   160|
|4     |DSP48E1  |     4|
|5     |LUT1     |   290|
|6     |LUT2     |   650|
|7     |LUT3     |   295|
|8     |LUT4     |   705|
|9     |LUT5     |   841|
|10    |LUT6     |  1672|
|11    |MUXF7    |   256|
|12    |RAMB36E1 |    12|
|14    |FDCE     |  1787|
|15    |FDPE     |    22|
|16    |FDRE     |  1101|
|17    |FDSE     |     2|
|18    |IBUF     |     5|
|19    |IOBUF    |     2|
|20    |OBUF     |     3|
+------+---------+------+
---------------------------------------------------------------------------------
Finished Writing Synthesis Report : Time (s): cpu = 00:00:59 ; elapsed = 00:01:01 . Memory (MB): peak = 2563.629 ; gain = 224.117 ; free physical = 16513 ; free virtual = 24306
---------------------------------------------------------------------------------
Synthesis finished with 0 errors, 0 critical warnings and 2 warnings.
Synthesis Optimization Runtime : Time (s): cpu = 00:00:58 ; elapsed = 00:00:59 . Memory (MB): peak = 2563.629 ; gain = 157.172 ; free physical = 16567 ; free virtual = 24359
Synthesis Optimization Complete : Time (s): cpu = 00:01:00 ; elapsed = 00:01:01 . Memory (MB): peak = 2563.637 ; gain = 224.117 ; free physical = 16567 ; free virtual = 24359
INFO: [Project 1-571] Translating synthesized netlist
Netlist sorting complete. Time (s): cpu = 00:00:00.06 ; elapsed = 00:00:00.05 . Memory (MB): peak = 2563.637 ; gain = 0.000 ; free physical = 16661 ; free virtual = 24454
INFO: [Netlist 29-17] Analyzing 434 Unisim elements for replacement
INFO: [Netlist 29-28] Unisim Transformation completed in 0 CPU seconds
INFO: [Project 1-570] Preparing netlist for logic optimization
INFO: [Opt 31-138] Pushed 0 inverter(s) to 0 load pin(s).
Netlist sorting complete. Time (s): cpu = 00:00:00 ; elapsed = 00:00:00 . Memory (MB): peak = 2595.645 ; gain = 0.000 ; free physical = 16606 ; free virtual = 24399
INFO: [Project 1-111] Unisim Transformation Summary:
  A total of 2 instances were transformed.
  IOBUF => IOBUF (IBUF, OBUFT): 2 instances

INFO: [Common 17-83] Releasing license: Synthesis
142 Infos, 43 Warnings, 0 Critical Warnings and 0 Errors encountered.
synth_design completed successfully
synth_design: Time (s): cpu = 00:01:06 ; elapsed = 00:01:05 . Memory (MB): peak = 2595.645 ; gain = 256.188 ; free physical = 16722 ; free virtual = 24515
INFO: [Common 17-1381] The checkpoint '/root/tinyriscv_arty_100t_bram/tinyriscv_arty_100t_bram/tinyriscv_arty_100t_bram.runs/synth_1/tinyriscv_soc_top.dcp' has been generated.
INFO: [runtcl-4] Executing : report_utilization -file tinyriscv_soc_top_utilization_synth.rpt -pb tinyriscv_soc_top_utilization_synth.pb
INFO: [Common 17-206] Exiting Vivado at Mon Nov 14 21:18:57 2022...
